mode: set
github.com/tikv/migration/br/pkg/kv/session.go:45.52,47.2 1 0
github.com/tikv/migration/br/pkg/kv/session.go:50.38,52.2 1 0
github.com/tikv/migration/br/pkg/kv/session.go:55.34,56.2 0 0
github.com/tikv/migration/br/pkg/kv/session.go:64.51,71.2 3 0
github.com/tikv/migration/br/pkg/kv/session.go:73.79,75.2 1 0
github.com/tikv/migration/br/pkg/kv/session.go:77.44,85.2 3 0
github.com/tikv/migration/br/pkg/kv/session.go:87.72,89.2 1 0
github.com/tikv/migration/br/pkg/kv/session.go:92.50,93.2 0 0
github.com/tikv/migration/br/pkg/kv/session.go:95.48,97.2 1 0
github.com/tikv/migration/br/pkg/kv/session.go:101.50,101.51 0 0
github.com/tikv/migration/br/pkg/kv/session.go:104.32,106.2 1 0
github.com/tikv/migration/br/pkg/kv/session.go:109.33,111.2 1 0
github.com/tikv/migration/br/pkg/kv/session.go:117.52,119.2 1 0
github.com/tikv/migration/br/pkg/kv/session.go:121.68,122.32 1 0
github.com/tikv/migration/br/pkg/kv/session.go:125.77,126.2 0 0
github.com/tikv/migration/br/pkg/kv/session.go:128.73,129.2 0 0
github.com/tikv/migration/br/pkg/kv/session.go:138.51,140.2 1 0
github.com/tikv/migration/br/pkg/kv/session.go:142.34,144.2 0 0
github.com/tikv/migration/br/pkg/kv/session.go:146.44,149.2 1 0
github.com/tikv/migration/br/pkg/kv/session.go:152.32,152.33 0 0
github.com/tikv/migration/br/pkg/kv/session.go:155.76,157.2 1 0
github.com/tikv/migration/br/pkg/kv/session.go:160.78,162.2 1 0
github.com/tikv/migration/br/pkg/kv/session.go:165.53,167.2 1 0
github.com/tikv/migration/br/pkg/kv/session.go:170.46,172.2 1 0
github.com/tikv/migration/br/pkg/kv/session.go:175.63,177.2 1 0
github.com/tikv/migration/br/pkg/kv/session.go:180.72,181.2 0 0
github.com/tikv/migration/br/pkg/kv/session.go:201.51,222.2 16 1
github.com/tikv/migration/br/pkg/kv/session.go:224.48,230.2 5 0
github.com/tikv/migration/br/pkg/kv/session.go:233.61,235.2 1 1
github.com/tikv/migration/br/pkg/kv/session.go:238.59,240.2 1 0
github.com/tikv/migration/br/pkg/kv/session.go:243.66,245.2 1 0
github.com/tikv/migration/br/pkg/kv/session.go:248.56,250.2 1 0
github.com/tikv/migration/br/pkg/kv/session.go:253.85,253.86 0 0
github.com/tikv/migration/br/pkg/kv/checksum.go:34.47,38.2 1 1
github.com/tikv/migration/br/pkg/kv/checksum.go:41.73,47.2 1 1
github.com/tikv/migration/br/pkg/kv/checksum.go:50.39,57.2 5 0
github.com/tikv/migration/br/pkg/kv/checksum.go:60.39,68.27 2 1
github.com/tikv/migration/br/pkg/kv/checksum.go:76.2,78.24 3 1
github.com/tikv/migration/br/pkg/kv/checksum.go:68.27,74.3 5 1
github.com/tikv/migration/br/pkg/kv/checksum.go:82.41,86.2 3 0
github.com/tikv/migration/br/pkg/kv/checksum.go:89.33,91.2 1 1
github.com/tikv/migration/br/pkg/kv/checksum.go:94.37,96.2 1 1
github.com/tikv/migration/br/pkg/kv/checksum.go:99.36,101.2 1 1
github.com/tikv/migration/br/pkg/kv/checksum.go:104.74,109.2 4 0
github.com/tikv/migration/br/pkg/kv/checksum.go:112.49,115.2 2 1
github.com/tikv/migration/br/pkg/kv/kv.go:81.56,85.2 1 0
github.com/tikv/migration/br/pkg/kv/kv.go:88.71,89.59 1 0
github.com/tikv/migration/br/pkg/kv/kv.go:92.2,92.57 1 0
github.com/tikv/migration/br/pkg/kv/kv.go:95.2,95.28 1 0
github.com/tikv/migration/br/pkg/kv/kv.go:100.2,100.54 1 0
github.com/tikv/migration/br/pkg/kv/kv.go:89.59,91.3 1 0
github.com/tikv/migration/br/pkg/kv/kv.go:92.57,94.3 1 0
github.com/tikv/migration/br/pkg/kv/kv.go:95.28,99.3 2 0
github.com/tikv/migration/br/pkg/kv/kv.go:111.40,116.2 1 1
github.com/tikv/migration/br/pkg/kv/kv.go:119.46,120.55 1 1
github.com/tikv/migration/br/pkg/kv/kv.go:123.2,123.31 1 1
github.com/tikv/migration/br/pkg/kv/kv.go:120.55,122.3 1 1
github.com/tikv/migration/br/pkg/kv/kv.go:127.38,129.2 1 0
github.com/tikv/migration/br/pkg/kv/kv.go:132.37,133.23 1 1
github.com/tikv/migration/br/pkg/kv/kv.go:136.2,137.13 2 1
github.com/tikv/migration/br/pkg/kv/kv.go:133.23,135.3 1 0
github.com/tikv/migration/br/pkg/kv/kv.go:141.36,142.23 1 1
github.com/tikv/migration/br/pkg/kv/kv.go:145.2,146.13 2 1
github.com/tikv/migration/br/pkg/kv/kv.go:142.23,144.3 1 0
github.com/tikv/migration/br/pkg/kv/kv.go:150.37,152.2 1 1
github.com/tikv/migration/br/pkg/kv/kv.go:155.36,158.2 2 1
github.com/tikv/migration/br/pkg/kv/kv.go:161.37,162.44 1 1
github.com/tikv/migration/br/pkg/kv/kv.go:165.2,165.12 1 0
github.com/tikv/migration/br/pkg/kv/kv.go:162.44,164.3 1 1
github.com/tikv/migration/br/pkg/kv/kv.go:169.39,170.44 1 1
github.com/tikv/migration/br/pkg/kv/kv.go:173.2,173.12 1 0
github.com/tikv/migration/br/pkg/kv/kv.go:170.44,172.3 1 1
github.com/tikv/migration/br/pkg/kv/kv.go:177.38,179.2 1 0
github.com/tikv/migration/br/pkg/kv/kv.go:182.45,183.44 1 0
github.com/tikv/migration/br/pkg/kv/kv.go:186.2,186.21 1 0
github.com/tikv/migration/br/pkg/kv/kv.go:183.44,185.3 1 0
github.com/tikv/migration/br/pkg/kv/kv.go:230.74,239.2 4 0
github.com/tikv/migration/br/pkg/kv/kv.go:264.54,265.77 1 1
github.com/tikv/migration/br/pkg/kv/kv.go:265.77,268.29 3 1
github.com/tikv/migration/br/pkg/kv/kv.go:289.3,289.14 1 1
github.com/tikv/migration/br/pkg/kv/kv.go:268.29,272.16 4 1
github.com/tikv/migration/br/pkg/kv/kv.go:286.4,287.73 1 1
github.com/tikv/migration/br/pkg/kv/kv.go:273.24,274.17 1 1
github.com/tikv/migration/br/pkg/kv/kv.go:275.30,276.17 1 1
github.com/tikv/migration/br/pkg/kv/kv.go:277.28,278.17 1 1
github.com/tikv/migration/br/pkg/kv/kv.go:279.12,281.19 2 1
github.com/tikv/migration/br/pkg/kv/kv.go:281.19,283.14 2 0
github.com/tikv/migration/br/pkg/kv/kv.go:297.41,298.2 0 0
github.com/tikv/migration/br/pkg/kv/kv.go:308.21,315.19 5 0
github.com/tikv/migration/br/pkg/kv/kv.go:319.2,320.82 2 0
github.com/tikv/migration/br/pkg/kv/kv.go:324.2,324.27 1 0
github.com/tikv/migration/br/pkg/kv/kv.go:362.2,362.43 1 0
github.com/tikv/migration/br/pkg/kv/kv.go:376.2,377.16 2 0
github.com/tikv/migration/br/pkg/kv/kv.go:386.2,388.32 3 0
github.com/tikv/migration/br/pkg/kv/kv.go:315.19,317.3 1 0
github.com/tikv/migration/br/pkg/kv/kv.go:320.82,322.3 1 0
github.com/tikv/migration/br/pkg/kv/kv.go:324.27,328.10 4 0
github.com/tikv/migration/br/pkg/kv/kv.go:340.3,340.17 1 0
github.com/tikv/migration/br/pkg/kv/kv.go:344.3,346.27 2 0
github.com/tikv/migration/br/pkg/kv/kv.go:356.3,356.19 1 0
github.com/tikv/migration/br/pkg/kv/kv.go:329.31,331.18 2 0
github.com/tikv/migration/br/pkg/kv/kv.go:334.21,336.98 1 0
github.com/tikv/migration/br/pkg/kv/kv.go:337.11,338.67 1 0
github.com/tikv/migration/br/pkg/kv/kv.go:331.18,333.5 1 0
github.com/tikv/migration/br/pkg/kv/kv.go:340.17,342.4 1 0
github.com/tikv/migration/br/pkg/kv/kv.go:346.27,350.18 4 0
github.com/tikv/migration/br/pkg/kv/kv.go:353.4,354.92 2 0
github.com/tikv/migration/br/pkg/kv/kv.go:350.18,352.5 1 0
github.com/tikv/migration/br/pkg/kv/kv.go:356.19,359.4 2 0
github.com/tikv/migration/br/pkg/kv/kv.go:362.43,364.29 2 0
github.com/tikv/migration/br/pkg/kv/kv.go:369.3,369.17 1 0
github.com/tikv/migration/br/pkg/kv/kv.go:372.3,374.66 3 0
github.com/tikv/migration/br/pkg/kv/kv.go:364.29,366.4 1 0
github.com/tikv/migration/br/pkg/kv/kv.go:366.9,368.4 1 0
github.com/tikv/migration/br/pkg/kv/kv.go:369.17,371.4 1 0
github.com/tikv/migration/br/pkg/kv/kv.go:377.16,384.3 2 0
github.com/tikv/migration/br/pkg/kv/kv.go:395.68,396.19 1 0
github.com/tikv/migration/br/pkg/kv/kv.go:397.41,398.43 1 0
github.com/tikv/migration/br/pkg/kv/kv.go:399.92,400.22 1 0
github.com/tikv/migration/br/pkg/kv/kv.go:401.10,402.78 1 0
github.com/tikv/migration/br/pkg/kv/kv.go:411.21,418.19 5 0
github.com/tikv/migration/br/pkg/kv/kv.go:422.2,422.27 1 0
github.com/tikv/migration/br/pkg/kv/kv.go:442.2,443.16 2 0
github.com/tikv/migration/br/pkg/kv/kv.go:452.2,454.32 3 0
github.com/tikv/migration/br/pkg/kv/kv.go:418.19,420.3 1 0
github.com/tikv/migration/br/pkg/kv/kv.go:422.27,425.10 3 0
github.com/tikv/migration/br/pkg/kv/kv.go:437.3,437.17 1 0
github.com/tikv/migration/br/pkg/kv/kv.go:440.3,440.33 1 0
github.com/tikv/migration/br/pkg/kv/kv.go:426.31,428.18 2 0
github.com/tikv/migration/br/pkg/kv/kv.go:431.21,433.98 1 0
github.com/tikv/migration/br/pkg/kv/kv.go:434.11,435.67 1 0
github.com/tikv/migration/br/pkg/kv/kv.go:428.18,430.5 1 0
github.com/tikv/migration/br/pkg/kv/kv.go:437.17,439.4 1 0
github.com/tikv/migration/br/pkg/kv/kv.go:443.16,450.3 2 0
github.com/tikv/migration/br/pkg/kv/kv.go:463.3,467.25 3 0
github.com/tikv/migration/br/pkg/kv/kv.go:477.2,478.21 2 0
github.com/tikv/migration/br/pkg/kv/kv.go:467.25,468.51 1 0
github.com/tikv/migration/br/pkg/kv/kv.go:468.51,471.4 2 0
github.com/tikv/migration/br/pkg/kv/kv.go:471.9,474.4 2 0
github.com/tikv/migration/br/pkg/kv/kv.go:482.32,484.2 1 0
github.com/tikv/migration/br/pkg/kv/kv.go:488.33,489.19 1 0
github.com/tikv/migration/br/pkg/kv/kv.go:495.2,495.33 1 0
github.com/tikv/migration/br/pkg/kv/kv.go:501.2,504.12 4 0
github.com/tikv/migration/br/pkg/kv/kv.go:489.19,491.3 1 0
github.com/tikv/migration/br/pkg/kv/kv.go:495.33,498.3 2 0
github.com/tikv/migration/br/pkg/lightning/backend/kv/allocator.go:34.59,41.2 2 1
github.com/tikv/migration/br/pkg/lightning/backend/kv/allocator.go:44.98,46.6 1 1
github.com/tikv/migration/br/pkg/lightning/backend/kv/allocator.go:55.2,55.12 1 1
github.com/tikv/migration/br/pkg/lightning/backend/kv/allocator.go:46.6,48.25 2 1
github.com/tikv/migration/br/pkg/lightning/backend/kv/allocator.go:51.3,51.63 1 1
github.com/tikv/migration/br/pkg/lightning/backend/kv/allocator.go:48.25,49.9 1 1
github.com/tikv/migration/br/pkg/lightning/backend/kv/allocator.go:51.63,52.9 1 1
github.com/tikv/migration/br/pkg/lightning/backend/kv/allocator.go:59.47,61.2 1 1
github.com/tikv/migration/br/pkg/lightning/backend/kv/allocator.go:63.65,65.2 1 1
github.com/tikv/migration/br/pkg/lightning/backend/kv/kv2sql.go:36.40,38.2 1 1
github.com/tikv/migration/br/pkg/lightning/backend/kv/kv2sql.go:40.80,42.2 1 1
github.com/tikv/migration/br/pkg/lightning/backend/kv/kv2sql.go:44.121,47.2 2 1
github.com/tikv/migration/br/pkg/lightning/backend/kv/kv2sql.go:50.116,52.2 1 1
github.com/tikv/migration/br/pkg/lightning/backend/kv/kv2sql.go:54.88,56.16 2 0
github.com/tikv/migration/br/pkg/lightning/backend/kv/kv2sql.go:62.2,62.44 1 0
github.com/tikv/migration/br/pkg/lightning/backend/kv/kv2sql.go:56.16,58.17 2 0
github.com/tikv/migration/br/pkg/lightning/backend/kv/kv2sql.go:58.17,60.4 1 0
github.com/tikv/migration/br/pkg/lightning/backend/kv/kv2sql.go:67.100,69.16 2 0
github.com/tikv/migration/br/pkg/lightning/backend/kv/kv2sql.go:72.2,72.24 1 0
github.com/tikv/migration/br/pkg/lightning/backend/kv/kv2sql.go:83.2,87.32 4 0
github.com/tikv/migration/br/pkg/lightning/backend/kv/kv2sql.go:104.2,104.12 1 0
github.com/tikv/migration/br/pkg/lightning/backend/kv/kv2sql.go:69.16,71.3 1 0
github.com/tikv/migration/br/pkg/lightning/backend/kv/kv2sql.go:72.24,73.36 1 0
github.com/tikv/migration/br/pkg/lightning/backend/kv/kv2sql.go:78.3,78.89 1 0
github.com/tikv/migration/br/pkg/lightning/backend/kv/kv2sql.go:73.36,74.25 1 0
github.com/tikv/migration/br/pkg/lightning/backend/kv/kv2sql.go:74.25,76.5 1 0
github.com/tikv/migration/br/pkg/lightning/backend/kv/kv2sql.go:78.89,80.4 1 0
github.com/tikv/migration/br/pkg/lightning/backend/kv/kv2sql.go:87.32,89.17 2 0
github.com/tikv/migration/br/pkg/lightning/backend/kv/kv2sql.go:92.3,93.17 2 0
github.com/tikv/migration/br/pkg/lightning/backend/kv/kv2sql.go:96.3,96.38 1 0
github.com/tikv/migration/br/pkg/lightning/backend/kv/kv2sql.go:99.3,99.39 1 0
github.com/tikv/migration/br/pkg/lightning/backend/kv/kv2sql.go:89.17,91.4 1 0
github.com/tikv/migration/br/pkg/lightning/backend/kv/kv2sql.go:93.17,95.4 1 0
github.com/tikv/migration/br/pkg/lightning/backend/kv/kv2sql.go:96.38,98.4 1 0
github.com/tikv/migration/br/pkg/lightning/backend/kv/kv2sql.go:99.39,101.4 1 0
github.com/tikv/migration/br/pkg/lightning/backend/kv/kv2sql.go:107.109,115.16 6 1
github.com/tikv/migration/br/pkg/lightning/backend/kv/kv2sql.go:119.2,124.8 1 1
github.com/tikv/migration/br/pkg/lightning/backend/kv/kv2sql.go:115.16,117.3 1 0
github.com/tikv/migration/br/pkg/lightning/backend/kv/session.go:45.38,47.2 1 0
github.com/tikv/migration/br/pkg/lightning/backend/kv/session.go:50.34,51.2 0 0
github.com/tikv/migration/br/pkg/lightning/backend/kv/session.go:59.41,64.2 4 1
github.com/tikv/migration/br/pkg/lightning/backend/kv/session.go:66.38,71.2 1 1
github.com/tikv/migration/br/pkg/lightning/backend/kv/session.go:73.30,74.14 1 0
github.com/tikv/migration/br/pkg/lightning/backend/kv/session.go:74.14,77.3 2 0
github.com/tikv/migration/br/pkg/lightning/backend/kv/session.go:89.44,95.2 5 0
github.com/tikv/migration/br/pkg/lightning/backend/kv/session.go:97.43,100.66 3 1
github.com/tikv/migration/br/pkg/lightning/backend/kv/session.go:106.2,106.13 1 1
github.com/tikv/migration/br/pkg/lightning/backend/kv/session.go:100.66,103.3 2 0
github.com/tikv/migration/br/pkg/lightning/backend/kv/session.go:103.8,105.3 1 1
github.com/tikv/migration/br/pkg/lightning/backend/kv/session.go:109.51,112.51 3 1
github.com/tikv/migration/br/pkg/lightning/backend/kv/session.go:118.2,123.12 3 1
github.com/tikv/migration/br/pkg/lightning/backend/kv/session.go:112.51,113.20 1 1
github.com/tikv/migration/br/pkg/lightning/backend/kv/session.go:116.3,116.23 1 1
github.com/tikv/migration/br/pkg/lightning/backend/kv/session.go:113.20,115.4 1 0
github.com/tikv/migration/br/pkg/lightning/backend/kv/session.go:126.79,128.2 1 0
github.com/tikv/migration/br/pkg/lightning/backend/kv/session.go:130.44,132.2 1 0
github.com/tikv/migration/br/pkg/lightning/backend/kv/session.go:135.50,136.2 0 1
github.com/tikv/migration/br/pkg/lightning/backend/kv/session.go:138.48,140.2 1 1
github.com/tikv/migration/br/pkg/lightning/backend/kv/session.go:144.50,144.51 0 1
github.com/tikv/migration/br/pkg/lightning/backend/kv/session.go:147.32,149.2 1 0
github.com/tikv/migration/br/pkg/lightning/backend/kv/session.go:152.33,154.2 1 0
github.com/tikv/migration/br/pkg/lightning/backend/kv/session.go:160.52,162.2 1 0
github.com/tikv/migration/br/pkg/lightning/backend/kv/session.go:164.68,165.32 1 0
github.com/tikv/migration/br/pkg/lightning/backend/kv/session.go:168.77,169.2 0 0
github.com/tikv/migration/br/pkg/lightning/backend/kv/session.go:171.73,172.2 0 0
github.com/tikv/migration/br/pkg/lightning/backend/kv/session.go:181.51,183.2 1 1
github.com/tikv/migration/br/pkg/lightning/backend/kv/session.go:185.34,187.2 0 0
github.com/tikv/migration/br/pkg/lightning/backend/kv/session.go:189.44,192.2 1 0
github.com/tikv/migration/br/pkg/lightning/backend/kv/session.go:195.32,195.33 0 0
github.com/tikv/migration/br/pkg/lightning/backend/kv/session.go:198.76,200.2 1 0
github.com/tikv/migration/br/pkg/lightning/backend/kv/session.go:203.78,205.2 1 0
github.com/tikv/migration/br/pkg/lightning/backend/kv/session.go:208.53,210.2 1 0
github.com/tikv/migration/br/pkg/lightning/backend/kv/session.go:213.63,215.2 1 0
github.com/tikv/migration/br/pkg/lightning/backend/kv/session.go:218.72,219.2 0 1
github.com/tikv/migration/br/pkg/lightning/backend/kv/session.go:242.61,244.2 1 0
github.com/tikv/migration/br/pkg/lightning/backend/kv/session.go:246.51,258.28 12 1
github.com/tikv/migration/br/pkg/lightning/backend/kv/session.go:267.2,268.97 2 1
github.com/tikv/migration/br/pkg/lightning/backend/kv/session.go:272.2,279.10 4 1
github.com/tikv/migration/br/pkg/lightning/backend/kv/session.go:258.28,259.37 1 1
github.com/tikv/migration/br/pkg/lightning/backend/kv/session.go:259.37,260.50 1 1
github.com/tikv/migration/br/pkg/lightning/backend/kv/session.go:260.50,264.5 1 0
github.com/tikv/migration/br/pkg/lightning/backend/kv/session.go:268.97,271.3 1 0
github.com/tikv/migration/br/pkg/lightning/backend/kv/session.go:282.43,285.27 3 1
github.com/tikv/migration/br/pkg/lightning/backend/kv/session.go:288.2,290.14 3 1
github.com/tikv/migration/br/pkg/lightning/backend/kv/session.go:285.27,287.3 1 0
github.com/tikv/migration/br/pkg/lightning/backend/kv/session.go:294.61,296.2 1 1
github.com/tikv/migration/br/pkg/lightning/backend/kv/session.go:299.59,301.2 1 1
github.com/tikv/migration/br/pkg/lightning/backend/kv/session.go:304.66,306.2 1 1
github.com/tikv/migration/br/pkg/lightning/backend/kv/session.go:309.56,311.2 1 1
github.com/tikv/migration/br/pkg/lightning/backend/kv/session.go:314.85,314.86 0 0
github.com/tikv/migration/br/pkg/lightning/backend/kv/session.go:317.69,319.2 1 0
github.com/tikv/migration/br/pkg/lightning/backend/kv/session.go:323.64,325.2 1 0
github.com/tikv/migration/br/pkg/lightning/backend/kv/session.go:327.28,329.23 2 0
github.com/tikv/migration/br/pkg/lightning/backend/kv/session.go:333.2,333.41 1 0
github.com/tikv/migration/br/pkg/lightning/backend/kv/session.go:336.2,336.28 1 0
github.com/tikv/migration/br/pkg/lightning/backend/kv/session.go:329.23,332.3 2 0
github.com/tikv/migration/br/pkg/lightning/backend/kv/session.go:333.41,335.3 1 0
github.com/tikv/migration/br/pkg/lightning/backend/kv/sql2kv.go:68.83,77.35 7 1
github.com/tikv/migration/br/pkg/lightning/backend/kv/sql2kv.go:78.2,78.54 1 1
github.com/tikv/migration/br/pkg/lightning/backend/kv/sql2kv.go:101.2,102.16 2 1
github.com/tikv/migration/br/pkg/lightning/backend/kv/sql2kv.go:106.2,111.8 1 1
github.com/tikv/migration/br/pkg/lightning/backend/kv/sql2kv.go:77.35,77.48 1 1
github.com/tikv/migration/br/pkg/lightning/backend/kv/sql2kv.go:78.54,79.28 1 1
github.com/tikv/migration/br/pkg/lightning/backend/kv/sql2kv.go:79.28,80.37 1 1
github.com/tikv/migration/br/pkg/lightning/backend/kv/sql2kv.go:80.37,83.37 3 1
github.com/tikv/migration/br/pkg/lightning/backend/kv/sql2kv.go:86.5,86.10 1 1
github.com/tikv/migration/br/pkg/lightning/backend/kv/sql2kv.go:83.37,85.6 1 1
github.com/tikv/migration/br/pkg/lightning/backend/kv/sql2kv.go:89.8,89.36 1 1
github.com/tikv/migration/br/pkg/lightning/backend/kv/sql2kv.go:89.36,93.35 4 1
github.com/tikv/migration/br/pkg/lightning/backend/kv/sql2kv.go:93.35,97.4 3 1
github.com/tikv/migration/br/pkg/lightning/backend/kv/sql2kv.go:102.16,104.3 1 0
github.com/tikv/migration/br/pkg/lightning/backend/kv/sql2kv.go:114.69,118.16 4 1
github.com/tikv/migration/br/pkg/lightning/backend/kv/sql2kv.go:121.2,121.24 1 1
github.com/tikv/migration/br/pkg/lightning/backend/kv/sql2kv.go:118.16,120.3 1 0
github.com/tikv/migration/br/pkg/lightning/backend/kv/sql2kv.go:126.106,128.27 2 1
github.com/tikv/migration/br/pkg/lightning/backend/kv/sql2kv.go:135.2,135.16 1 1
github.com/tikv/migration/br/pkg/lightning/backend/kv/sql2kv.go:140.2,141.15 2 0
github.com/tikv/migration/br/pkg/lightning/backend/kv/sql2kv.go:146.2,148.27 3 0
github.com/tikv/migration/br/pkg/lightning/backend/kv/sql2kv.go:164.2,169.27 3 0
github.com/tikv/migration/br/pkg/lightning/backend/kv/sql2kv.go:183.2,183.42 1 0
github.com/tikv/migration/br/pkg/lightning/backend/kv/sql2kv.go:186.2,186.21 1 0
github.com/tikv/migration/br/pkg/lightning/backend/kv/sql2kv.go:128.27,129.31 1 1
github.com/tikv/migration/br/pkg/lightning/backend/kv/sql2kv.go:129.31,131.9 2 0
github.com/tikv/migration/br/pkg/lightning/backend/kv/sql2kv.go:135.16,137.3 1 1
github.com/tikv/migration/br/pkg/lightning/backend/kv/sql2kv.go:141.15,143.3 1 0
github.com/tikv/migration/br/pkg/lightning/backend/kv/sql2kv.go:148.27,163.3 2 0
github.com/tikv/migration/br/pkg/lightning/backend/kv/sql2kv.go:169.27,170.31 1 0
github.com/tikv/migration/br/pkg/lightning/backend/kv/sql2kv.go:170.31,172.18 2 0
github.com/tikv/migration/br/pkg/lightning/backend/kv/sql2kv.go:175.4,178.6 1 0
github.com/tikv/migration/br/pkg/lightning/backend/kv/sql2kv.go:172.18,174.5 1 0
github.com/tikv/migration/br/pkg/lightning/backend/kv/sql2kv.go:183.42,185.3 1 0
github.com/tikv/migration/br/pkg/lightning/backend/kv/sql2kv.go:189.40,192.2 2 0
github.com/tikv/migration/br/pkg/lightning/backend/kv/sql2kv.go:220.82,221.28 1 1
github.com/tikv/migration/br/pkg/lightning/backend/kv/sql2kv.go:246.2,246.12 1 1
github.com/tikv/migration/br/pkg/lightning/backend/kv/sql2kv.go:221.28,225.15 4 1
github.com/tikv/migration/br/pkg/lightning/backend/kv/sql2kv.go:238.3,238.100 1 1
github.com/tikv/migration/br/pkg/lightning/backend/kv/sql2kv.go:226.23,227.16 1 1
github.com/tikv/migration/br/pkg/lightning/backend/kv/sql2kv.go:228.29,229.16 1 1
github.com/tikv/migration/br/pkg/lightning/backend/kv/sql2kv.go:230.27,231.16 1 1
github.com/tikv/migration/br/pkg/lightning/backend/kv/sql2kv.go:232.11,234.18 2 1
github.com/tikv/migration/br/pkg/lightning/backend/kv/sql2kv.go:234.18,236.5 1 1
github.com/tikv/migration/br/pkg/lightning/backend/kv/sql2kv.go:238.100,242.4 3 1
github.com/tikv/migration/br/pkg/lightning/backend/kv/sql2kv.go:242.19,244.4 1 0
github.com/tikv/migration/br/pkg/lightning/backend/kv/sql2kv.go:249.114,251.28 2 1
github.com/tikv/migration/br/pkg/lightning/backend/kv/sql2kv.go:256.2,270.3 3 1
github.com/tikv/migration/br/pkg/lightning/backend/kv/sql2kv.go:251.28,254.3 2 1
github.com/tikv/migration/br/pkg/lightning/backend/kv/sql2kv.go:273.109,285.2 2 0
github.com/tikv/migration/br/pkg/lightning/backend/kv/sql2kv.go:296.54,298.2 1 1
github.com/tikv/migration/br/pkg/lightning/backend/kv/sql2kv.go:303.52,305.2 1 1
github.com/tikv/migration/br/pkg/lightning/backend/kv/sql2kv.go:311.49,313.2 1 0
github.com/tikv/migration/br/pkg/lightning/backend/kv/sql2kv.go:315.144,317.29 2 0
github.com/tikv/migration/br/pkg/lightning/backend/kv/sql2kv.go:330.2,330.17 1 0
github.com/tikv/migration/br/pkg/lightning/backend/kv/sql2kv.go:317.29,320.17 3 0
github.com/tikv/migration/br/pkg/lightning/backend/kv/sql2kv.go:323.3,324.17 2 0
github.com/tikv/migration/br/pkg/lightning/backend/kv/sql2kv.go:327.3,328.27 2 0
github.com/tikv/migration/br/pkg/lightning/backend/kv/sql2kv.go:320.17,322.4 1 0
github.com/tikv/migration/br/pkg/lightning/backend/kv/sql2kv.go:324.17,326.4 1 0
github.com/tikv/migration/br/pkg/lightning/backend/kv/sql2kv.go:344.16,352.32 5 1
github.com/tikv/migration/br/pkg/lightning/backend/kv/sql2kv.go:358.2,360.27 3 1
github.com/tikv/migration/br/pkg/lightning/backend/kv/sql2kv.go:410.2,410.36 1 1
github.com/tikv/migration/br/pkg/lightning/backend/kv/sql2kv.go:430.2,430.30 1 1
github.com/tikv/migration/br/pkg/lightning/backend/kv/sql2kv.go:436.2,437.16 2 1
github.com/tikv/migration/br/pkg/lightning/backend/kv/sql2kv.go:445.2,446.42 2 1
github.com/tikv/migration/br/pkg/lightning/backend/kv/sql2kv.go:449.2,450.21 2 1
github.com/tikv/migration/br/pkg/lightning/backend/kv/sql2kv.go:352.32,354.3 1 1
github.com/tikv/migration/br/pkg/lightning/backend/kv/sql2kv.go:354.8,356.3 1 1
github.com/tikv/migration/br/pkg/lightning/backend/kv/sql2kv.go:360.27,364.10 4 1
github.com/tikv/migration/br/pkg/lightning/backend/kv/sql2kv.go:389.3,389.17 1 1
github.com/tikv/migration/br/pkg/lightning/backend/kv/sql2kv.go:393.3,395.27 2 1
github.com/tikv/migration/br/pkg/lightning/backend/kv/sql2kv.go:402.3,402.19 1 1
github.com/tikv/migration/br/pkg/lightning/backend/kv/sql2kv.go:365.31,367.18 2 1
github.com/tikv/migration/br/pkg/lightning/backend/kv/sql2kv.go:370.21,372.98 1 0
github.com/tikv/migration/br/pkg/lightning/backend/kv/sql2kv.go:373.29,376.39 3 1
github.com/tikv/migration/br/pkg/lightning/backend/kv/sql2kv.go:381.4,381.77 1 1
github.com/tikv/migration/br/pkg/lightning/backend/kv/sql2kv.go:382.26,385.45 1 0
github.com/tikv/migration/br/pkg/lightning/backend/kv/sql2kv.go:386.11,387.67 1 1
github.com/tikv/migration/br/pkg/lightning/backend/kv/sql2kv.go:367.18,369.5 1 1
github.com/tikv/migration/br/pkg/lightning/backend/kv/sql2kv.go:376.39,378.5 1 1
github.com/tikv/migration/br/pkg/lightning/backend/kv/sql2kv.go:378.10,380.5 1 0
github.com/tikv/migration/br/pkg/lightning/backend/kv/sql2kv.go:389.17,391.4 1 1
github.com/tikv/migration/br/pkg/lightning/backend/kv/sql2kv.go:395.27,398.111 3 1
github.com/tikv/migration/br/pkg/lightning/backend/kv/sql2kv.go:398.111,400.5 1 0
github.com/tikv/migration/br/pkg/lightning/backend/kv/sql2kv.go:402.19,404.108 2 1
github.com/tikv/migration/br/pkg/lightning/backend/kv/sql2kv.go:404.108,406.5 1 0
github.com/tikv/migration/br/pkg/lightning/backend/kv/sql2kv.go:410.36,413.29 3 1
github.com/tikv/migration/br/pkg/lightning/backend/kv/sql2kv.go:420.3,420.17 1 1
github.com/tikv/migration/br/pkg/lightning/backend/kv/sql2kv.go:423.3,425.77 3 1
github.com/tikv/migration/br/pkg/lightning/backend/kv/sql2kv.go:413.29,416.4 2 1
github.com/tikv/migration/br/pkg/lightning/backend/kv/sql2kv.go:416.9,419.4 2 1
github.com/tikv/migration/br/pkg/lightning/backend/kv/sql2kv.go:420.17,422.4 1 1
github.com/tikv/migration/br/pkg/lightning/backend/kv/sql2kv.go:425.77,427.4 1 0
github.com/tikv/migration/br/pkg/lightning/backend/kv/sql2kv.go:430.30,431.101 1 0
github.com/tikv/migration/br/pkg/lightning/backend/kv/sql2kv.go:431.101,433.4 1 0
github.com/tikv/migration/br/pkg/lightning/backend/kv/sql2kv.go:437.16,444.3 2 1
github.com/tikv/migration/br/pkg/lightning/backend/kv/sql2kv.go:446.42,448.3 1 1
github.com/tikv/migration/br/pkg/lightning/backend/kv/sql2kv.go:456.68,457.19 1 1
github.com/tikv/migration/br/pkg/lightning/backend/kv/sql2kv.go:458.41,459.43 1 1
github.com/tikv/migration/br/pkg/lightning/backend/kv/sql2kv.go:460.92,461.22 1 0
github.com/tikv/migration/br/pkg/lightning/backend/kv/sql2kv.go:462.10,463.78 1 0
github.com/tikv/migration/br/pkg/lightning/backend/kv/sql2kv.go:467.35,469.31 2 0
github.com/tikv/migration/br/pkg/lightning/backend/kv/sql2kv.go:472.2,472.13 1 0
github.com/tikv/migration/br/pkg/lightning/backend/kv/sql2kv.go:469.31,471.3 1 0
github.com/tikv/migration/br/pkg/lightning/backend/kv/sql2kv.go:480.3,484.31 3 1
github.com/tikv/migration/br/pkg/lightning/backend/kv/sql2kv.go:495.2,495.25 1 1
github.com/tikv/migration/br/pkg/lightning/backend/kv/sql2kv.go:502.2,503.21 2 1
github.com/tikv/migration/br/pkg/lightning/backend/kv/sql2kv.go:484.31,485.51 1 1
github.com/tikv/migration/br/pkg/lightning/backend/kv/sql2kv.go:485.51,488.4 2 1
github.com/tikv/migration/br/pkg/lightning/backend/kv/sql2kv.go:488.9,491.4 2 1
github.com/tikv/migration/br/pkg/lightning/backend/kv/sql2kv.go:495.25,500.3 4 0
github.com/tikv/migration/br/pkg/lightning/backend/kv/sql2kv.go:506.59,507.25 1 1
github.com/tikv/migration/br/pkg/lightning/backend/kv/sql2kv.go:511.2,514.33 4 1
github.com/tikv/migration/br/pkg/lightning/backend/kv/sql2kv.go:524.2,524.12 1 1
github.com/tikv/migration/br/pkg/lightning/backend/kv/sql2kv.go:533.2,533.12 1 1
github.com/tikv/migration/br/pkg/lightning/backend/kv/sql2kv.go:507.25,509.3 1 0
github.com/tikv/migration/br/pkg/lightning/backend/kv/sql2kv.go:514.33,516.40 2 1
github.com/tikv/migration/br/pkg/lightning/backend/kv/sql2kv.go:521.3,521.18 1 1
github.com/tikv/migration/br/pkg/lightning/backend/kv/sql2kv.go:516.40,520.4 3 1
github.com/tikv/migration/br/pkg/lightning/backend/kv/sql2kv.go:524.12,526.3 1 1
github.com/tikv/migration/br/pkg/lightning/backend/kv/sql2kv.go:526.8,532.3 1 1
github.com/tikv/migration/br/pkg/lightning/backend/kv/sql2kv.go:536.34,537.25 1 0
github.com/tikv/migration/br/pkg/lightning/backend/kv/sql2kv.go:542.2,543.12 2 0
github.com/tikv/migration/br/pkg/lightning/backend/kv/sql2kv.go:537.25,541.3 3 0
github.com/tikv/migration/br/pkg/lightning/backend/tidb/binding__failpoint_binding__.go:9.13,11.2 1 1
github.com/tikv/migration/br/pkg/lightning/backend/tidb/binding__failpoint_binding__.go:12.35,14.2 1 1
github.com/tikv/migration/br/pkg/lightning/backend/tidb/tidb.go:73.74,74.25 1 0
github.com/tikv/migration/br/pkg/lightning/backend/tidb/tidb.go:77.2,77.12 1 0
github.com/tikv/migration/br/pkg/lightning/backend/tidb/tidb.go:74.25,76.3 1 0
github.com/tikv/migration/br/pkg/lightning/backend/tidb/tidb.go:103.106,104.21 1 1
github.com/tikv/migration/br/pkg/lightning/backend/tidb/tidb.go:110.2,110.96 1 1
github.com/tikv/migration/br/pkg/lightning/backend/tidb/tidb.go:105.66,105.66 0 1
github.com/tikv/migration/br/pkg/lightning/backend/tidb/tidb.go:106.10,108.36 2 0
github.com/tikv/migration/br/pkg/lightning/backend/tidb/tidb.go:113.34,115.2 1 1
github.com/tikv/migration/br/pkg/lightning/backend/tidb/tidb.go:117.36,119.2 1 1
github.com/tikv/migration/br/pkg/lightning/backend/tidb/tidb.go:121.128,128.2 4 1
github.com/tikv/migration/br/pkg/lightning/backend/tidb/tidb.go:130.66,131.20 1 1
github.com/tikv/migration/br/pkg/lightning/backend/tidb/tidb.go:135.2,140.27 5 1
github.com/tikv/migration/br/pkg/lightning/backend/tidb/tidb.go:149.2,149.30 1 1
github.com/tikv/migration/br/pkg/lightning/backend/tidb/tidb.go:131.20,133.3 1 0
github.com/tikv/migration/br/pkg/lightning/backend/tidb/tidb.go:140.27,141.46 1 1
github.com/tikv/migration/br/pkg/lightning/backend/tidb/tidb.go:146.3,146.24 1 1
github.com/tikv/migration/br/pkg/lightning/backend/tidb/tidb.go:141.46,145.4 3 0
github.com/tikv/migration/br/pkg/lightning/backend/tidb/tidb.go:152.38,154.2 1 0
github.com/tikv/migration/br/pkg/lightning/backend/tidb/tidb.go:156.75,159.42 3 1
github.com/tikv/migration/br/pkg/lightning/backend/tidb/tidb.go:191.2,191.20 1 1
github.com/tikv/migration/br/pkg/lightning/backend/tidb/tidb.go:159.42,160.27 1 0
github.com/tikv/migration/br/pkg/lightning/backend/tidb/tidb.go:160.27,161.17 1 0
github.com/tikv/migration/br/pkg/lightning/backend/tidb/tidb.go:161.17,163.5 1 0
github.com/tikv/migration/br/pkg/lightning/backend/tidb/tidb.go:163.10,165.5 1 0
github.com/tikv/migration/br/pkg/lightning/backend/tidb/tidb.go:167.8,168.27 1 1
github.com/tikv/migration/br/pkg/lightning/backend/tidb/tidb.go:168.27,169.13 1 1
github.com/tikv/migration/br/pkg/lightning/backend/tidb/tidb.go:170.11,171.25 1 1
github.com/tikv/migration/br/pkg/lightning/backend/tidb/tidb.go:172.14,173.25 1 0
github.com/tikv/migration/br/pkg/lightning/backend/tidb/tidb.go:174.14,175.25 1 1
github.com/tikv/migration/br/pkg/lightning/backend/tidb/tidb.go:176.14,177.25 1 1
github.com/tikv/migration/br/pkg/lightning/backend/tidb/tidb.go:178.14,179.25 1 0
github.com/tikv/migration/br/pkg/lightning/backend/tidb/tidb.go:180.12,181.25 1 1
github.com/tikv/migration/br/pkg/lightning/backend/tidb/tidb.go:182.14,183.25 1 1
github.com/tikv/migration/br/pkg/lightning/backend/tidb/tidb.go:184.14,185.25 1 1
github.com/tikv/migration/br/pkg/lightning/backend/tidb/tidb.go:186.12,187.20 1 1
github.com/tikv/migration/br/pkg/lightning/backend/tidb/tidb.go:196.99,197.22 1 1
github.com/tikv/migration/br/pkg/lightning/backend/tidb/tidb.go:274.2,274.12 1 1
github.com/tikv/migration/br/pkg/lightning/backend/tidb/tidb.go:198.22,199.25 1 1
github.com/tikv/migration/br/pkg/lightning/backend/tidb/tidb.go:201.28,202.29 1 0
github.com/tikv/migration/br/pkg/lightning/backend/tidb/tidb.go:204.26,205.29 1 0
github.com/tikv/migration/br/pkg/lightning/backend/tidb/tidb.go:207.23,211.18 3 1
github.com/tikv/migration/br/pkg/lightning/backend/tidb/tidb.go:213.65,217.18 3 1
github.com/tikv/migration/br/pkg/lightning/backend/tidb/tidb.go:219.44,223.18 3 1
github.com/tikv/migration/br/pkg/lightning/backend/tidb/tidb.go:224.24,234.43 1 1
github.com/tikv/migration/br/pkg/lightning/backend/tidb/tidb.go:235.23,236.43 1 0
github.com/tikv/migration/br/pkg/lightning/backend/tidb/tidb.go:238.27,240.17 2 0
github.com/tikv/migration/br/pkg/lightning/backend/tidb/tidb.go:243.3,243.32 1 0
github.com/tikv/migration/br/pkg/lightning/backend/tidb/tidb.go:245.31,249.60 4 1
github.com/tikv/migration/br/pkg/lightning/backend/tidb/tidb.go:252.3,252.21 1 1
github.com/tikv/migration/br/pkg/lightning/backend/tidb/tidb.go:254.26,257.17 3 1
github.com/tikv/migration/br/pkg/lightning/backend/tidb/tidb.go:260.3,261.18 2 1
github.com/tikv/migration/br/pkg/lightning/backend/tidb/tidb.go:264.10,266.17 2 1
github.com/tikv/migration/br/pkg/lightning/backend/tidb/tidb.go:269.3,271.21 3 1
github.com/tikv/migration/br/pkg/lightning/backend/tidb/tidb.go:240.17,242.4 1 0
github.com/tikv/migration/br/pkg/lightning/backend/tidb/tidb.go:249.60,251.4 1 0
github.com/tikv/migration/br/pkg/lightning/backend/tidb/tidb.go:257.17,259.4 1 0
github.com/tikv/migration/br/pkg/lightning/backend/tidb/tidb.go:266.17,268.4 1 0
github.com/tikv/migration/br/pkg/lightning/backend/tidb/tidb.go:277.30,277.31 0 0
github.com/tikv/migration/br/pkg/lightning/backend/tidb/tidb.go:279.70,280.24 1 1
github.com/tikv/migration/br/pkg/lightning/backend/tidb/tidb.go:283.2,283.20 1 1
github.com/tikv/migration/br/pkg/lightning/backend/tidb/tidb.go:280.24,282.3 1 1
github.com/tikv/migration/br/pkg/lightning/backend/tidb/tidb.go:286.147,289.29 2 1
github.com/tikv/migration/br/pkg/lightning/backend/tidb/tidb.go:310.2,310.30 1 1
github.com/tikv/migration/br/pkg/lightning/backend/tidb/tidb.go:316.2,320.28 5 1
github.com/tikv/migration/br/pkg/lightning/backend/tidb/tidb.go:338.2,343.8 2 1
github.com/tikv/migration/br/pkg/lightning/backend/tidb/tidb.go:289.29,292.47 3 1
github.com/tikv/migration/br/pkg/lightning/backend/tidb/tidb.go:295.3,295.41 1 1
github.com/tikv/migration/br/pkg/lightning/backend/tidb/tidb.go:303.3,304.35 2 1
github.com/tikv/migration/br/pkg/lightning/backend/tidb/tidb.go:292.47,294.4 1 1
github.com/tikv/migration/br/pkg/lightning/backend/tidb/tidb.go:295.41,296.16 1 1
github.com/tikv/migration/br/pkg/lightning/backend/tidb/tidb.go:296.16,298.27 2 1
github.com/tikv/migration/br/pkg/lightning/backend/tidb/tidb.go:298.27,300.6 1 1
github.com/tikv/migration/br/pkg/lightning/backend/tidb/tidb.go:310.30,314.3 2 1
github.com/tikv/migration/br/pkg/lightning/backend/tidb/tidb.go:320.28,321.27 1 1
github.com/tikv/migration/br/pkg/lightning/backend/tidb/tidb.go:324.3,324.14 1 1
github.com/tikv/migration/br/pkg/lightning/backend/tidb/tidb.go:327.3,328.99 2 1
github.com/tikv/migration/br/pkg/lightning/backend/tidb/tidb.go:336.3,336.8 1 1
github.com/tikv/migration/br/pkg/lightning/backend/tidb/tidb.go:321.27,322.12 1 1
github.com/tikv/migration/br/pkg/lightning/backend/tidb/tidb.go:324.14,326.4 1 1
github.com/tikv/migration/br/pkg/lightning/backend/tidb/tidb.go:328.99,335.4 2 0
github.com/tikv/migration/br/pkg/lightning/backend/tidb/tidb.go:347.121,353.16 3 1
github.com/tikv/migration/br/pkg/lightning/backend/tidb/tidb.go:359.2,359.36 1 1
github.com/tikv/migration/br/pkg/lightning/backend/tidb/tidb.go:353.16,358.3 2 1
github.com/tikv/migration/br/pkg/lightning/backend/tidb/tidb.go:362.33,365.2 0 1
github.com/tikv/migration/br/pkg/lightning/backend/tidb/tidb.go:367.48,369.2 1 1
github.com/tikv/migration/br/pkg/lightning/backend/tidb/tidb.go:371.57,373.2 1 0
github.com/tikv/migration/br/pkg/lightning/backend/tidb/tidb.go:375.43,376.82 1 1
github.com/tikv/migration/br/pkg/lightning/backend/tidb/tidb.go:379.2,379.16 1 1
github.com/tikv/migration/br/pkg/lightning/backend/tidb/tidb.go:376.82,378.3 1 0
github.com/tikv/migration/br/pkg/lightning/backend/tidb/tidb.go:382.49,384.2 1 0
github.com/tikv/migration/br/pkg/lightning/backend/tidb/tidb.go:386.90,389.2 2 0
github.com/tikv/migration/br/pkg/lightning/backend/tidb/tidb.go:391.100,393.37 2 1
github.com/tikv/migration/br/pkg/lightning/backend/tidb/tidb.go:398.2,398.67 1 1
github.com/tikv/migration/br/pkg/lightning/backend/tidb/tidb.go:393.37,396.3 2 0
github.com/tikv/migration/br/pkg/lightning/backend/tidb/tidb.go:401.92,403.2 1 1
github.com/tikv/migration/br/pkg/lightning/backend/tidb/tidb.go:405.93,407.2 1 0
github.com/tikv/migration/br/pkg/lightning/backend/tidb/tidb.go:409.72,411.2 1 0
github.com/tikv/migration/br/pkg/lightning/backend/tidb/tidb.go:413.145,414.32 1 0
github.com/tikv/migration/br/pkg/lightning/backend/tidb/tidb.go:417.146,418.32 1 0
github.com/tikv/migration/br/pkg/lightning/backend/tidb/tidb.go:421.154,423.2 1 0
github.com/tikv/migration/br/pkg/lightning/backend/tidb/tidb.go:425.78,427.2 1 0
github.com/tikv/migration/br/pkg/lightning/backend/tidb/tidb.go:429.115,432.60 2 1
github.com/tikv/migration/br/pkg/lightning/backend/tidb/tidb.go:456.2,456.12 1 1
github.com/tikv/migration/br/pkg/lightning/backend/tidb/tidb.go:432.60,433.47 1 1
github.com/tikv/migration/br/pkg/lightning/backend/tidb/tidb.go:454.3,454.127 1 0
github.com/tikv/migration/br/pkg/lightning/backend/tidb/tidb.go:433.47,436.11 2 1
github.com/tikv/migration/br/pkg/lightning/backend/tidb/tidb.go:437.20,438.21 1 1
github.com/tikv/migration/br/pkg/lightning/backend/tidb/tidb.go:439.37,439.37 0 0
github.com/tikv/migration/br/pkg/lightning/backend/tidb/tidb.go:441.44,444.75 1 1
github.com/tikv/migration/br/pkg/lightning/backend/tidb/tidb.go:449.5,449.21 1 1
github.com/tikv/migration/br/pkg/lightning/backend/tidb/tidb.go:450.12,451.15 1 1
github.com/tikv/migration/br/pkg/lightning/backend/tidb/tidb.go:444.75,448.6 1 1
github.com/tikv/migration/br/pkg/lightning/backend/tidb/tidb.go:466.121,469.23 3 1
github.com/tikv/migration/br/pkg/lightning/backend/tidb/tidb.go:474.2,475.27 2 1
github.com/tikv/migration/br/pkg/lightning/backend/tidb/tidb.go:481.2,482.54 2 1
github.com/tikv/migration/br/pkg/lightning/backend/tidb/tidb.go:469.23,471.3 1 0
github.com/tikv/migration/br/pkg/lightning/backend/tidb/tidb.go:475.27,476.13 1 1
github.com/tikv/migration/br/pkg/lightning/backend/tidb/tidb.go:479.3,479.41 1 1
github.com/tikv/migration/br/pkg/lightning/backend/tidb/tidb.go:476.13,478.4 1 1
github.com/tikv/migration/br/pkg/lightning/backend/tidb/tidb.go:485.114,486.20 1 1
github.com/tikv/migration/br/pkg/lightning/backend/tidb/tidb.go:489.2,489.45 1 1
github.com/tikv/migration/br/pkg/lightning/backend/tidb/tidb.go:486.20,488.3 1 0
github.com/tikv/migration/br/pkg/lightning/backend/tidb/tidb.go:498.116,501.23 3 1
github.com/tikv/migration/br/pkg/lightning/backend/tidb/tidb.go:504.2,506.27 3 1
github.com/tikv/migration/br/pkg/lightning/backend/tidb/tidb.go:512.2,512.55 1 1
github.com/tikv/migration/br/pkg/lightning/backend/tidb/tidb.go:501.23,503.3 1 0
github.com/tikv/migration/br/pkg/lightning/backend/tidb/tidb.go:506.27,511.3 4 1
github.com/tikv/migration/br/pkg/lightning/backend/tidb/tidb.go:515.91,517.24 2 1
github.com/tikv/migration/br/pkg/lightning/backend/tidb/tidb.go:525.2,526.26 2 1
github.com/tikv/migration/br/pkg/lightning/backend/tidb/tidb.go:536.2,537.20 2 1
github.com/tikv/migration/br/pkg/lightning/backend/tidb/tidb.go:518.27,519.42 1 1
github.com/tikv/migration/br/pkg/lightning/backend/tidb/tidb.go:520.26,521.48 1 1
github.com/tikv/migration/br/pkg/lightning/backend/tidb/tidb.go:522.25,523.41 1 1
github.com/tikv/migration/br/pkg/lightning/backend/tidb/tidb.go:526.26,528.39 2 1
github.com/tikv/migration/br/pkg/lightning/backend/tidb/tidb.go:534.3,534.28 1 1
github.com/tikv/migration/br/pkg/lightning/backend/tidb/tidb.go:528.39,529.14 1 1
github.com/tikv/migration/br/pkg/lightning/backend/tidb/tidb.go:532.4,532.53 1 1
github.com/tikv/migration/br/pkg/lightning/backend/tidb/tidb.go:529.14,531.5 1 1
github.com/tikv/migration/br/pkg/lightning/backend/tidb/tidb.go:540.113,541.37 1 1
github.com/tikv/migration/br/pkg/lightning/backend/tidb/tidb.go:570.2,570.82 1 1
github.com/tikv/migration/br/pkg/lightning/backend/tidb/tidb.go:573.2,573.12 1 1
github.com/tikv/migration/br/pkg/lightning/backend/tidb/tidb.go:541.37,542.47 1 1
github.com/tikv/migration/br/pkg/lightning/backend/tidb/tidb.go:542.47,545.18 3 1
github.com/tikv/migration/br/pkg/lightning/backend/tidb/tidb.go:567.4,567.9 1 1
github.com/tikv/migration/br/pkg/lightning/backend/tidb/tidb.go:545.18,546.44 1 1
github.com/tikv/migration/br/pkg/lightning/backend/tidb/tidb.go:551.5,551.14 1 1
github.com/tikv/migration/br/pkg/lightning/backend/tidb/tidb.go:555.5,555.69 1 1
github.com/tikv/migration/br/pkg/lightning/backend/tidb/tidb.go:558.5,560.19 3 1
github.com/tikv/migration/br/pkg/lightning/backend/tidb/tidb.go:564.5,564.29 1 1
github.com/tikv/migration/br/pkg/lightning/backend/tidb/tidb.go:546.44,549.6 1 1
github.com/tikv/migration/br/pkg/lightning/backend/tidb/tidb.go:551.14,553.6 1 1
github.com/tikv/migration/br/pkg/lightning/backend/tidb/tidb.go:555.69,556.14 1 0
github.com/tikv/migration/br/pkg/lightning/backend/tidb/tidb.go:560.19,562.11 1 1
github.com/tikv/migration/br/pkg/lightning/backend/tidb/tidb.go:570.82,571.83 1 0
github.com/tikv/migration/br/pkg/lightning/backend/tidb/tidb.go:577.126,583.89 2 1
github.com/tikv/migration/br/pkg/lightning/backend/tidb/tidb.go:676.2,676.8 1 1
github.com/tikv/migration/br/pkg/lightning/backend/tidb/tidb.go:583.89,585.66 2 1
github.com/tikv/migration/br/pkg/lightning/backend/tidb/tidb.go:588.3,596.15 3 1
github.com/tikv/migration/br/pkg/lightning/backend/tidb/tidb.go:599.3,606.19 3 1
github.com/tikv/migration/br/pkg/lightning/backend/tidb/tidb.go:641.3,641.24 1 1
github.com/tikv/migration/br/pkg/lightning/backend/tidb/tidb.go:646.3,646.92 1 1
github.com/tikv/migration/br/pkg/lightning/backend/tidb/tidb.go:651.3,651.30 1 1
github.com/tikv/migration/br/pkg/lightning/backend/tidb/tidb.go:674.3,674.13 1 1
github.com/tikv/migration/br/pkg/lightning/backend/tidb/tidb.go:585.66,587.4 1 0
github.com/tikv/migration/br/pkg/lightning/backend/tidb/tidb.go:596.15,598.4 1 0
github.com/tikv/migration/br/pkg/lightning/backend/tidb/tidb.go:606.19,608.101 2 1
github.com/tikv/migration/br/pkg/lightning/backend/tidb/tidb.go:611.4,611.33 1 1
github.com/tikv/migration/br/pkg/lightning/backend/tidb/tidb.go:623.4,624.49 2 1
github.com/tikv/migration/br/pkg/lightning/backend/tidb/tidb.go:627.4,627.55 1 1
github.com/tikv/migration/br/pkg/lightning/backend/tidb/tidb.go:630.4,639.18 2 1
github.com/tikv/migration/br/pkg/lightning/backend/tidb/tidb.go:608.101,610.5 1 0
github.com/tikv/migration/br/pkg/lightning/backend/tidb/tidb.go:611.33,620.5 4 1
github.com/tikv/migration/br/pkg/lightning/backend/tidb/tidb.go:624.49,626.5 1 1
github.com/tikv/migration/br/pkg/lightning/backend/tidb/tidb.go:627.55,629.5 1 1
github.com/tikv/migration/br/pkg/lightning/backend/tidb/tidb.go:641.24,643.4 1 0
github.com/tikv/migration/br/pkg/lightning/backend/tidb/tidb.go:646.92,648.4 1 1
github.com/tikv/migration/br/pkg/lightning/backend/tidb/tidb.go:651.30,654.18 3 1
github.com/tikv/migration/br/pkg/lightning/backend/tidb/tidb.go:657.4,657.37 1 1
github.com/tikv/migration/br/pkg/lightning/backend/tidb/tidb.go:654.18,656.5 1 0
github.com/tikv/migration/br/pkg/lightning/backend/tidb/tidb.go:657.37,658.37 1 1
github.com/tikv/migration/br/pkg/lightning/backend/tidb/tidb.go:658.37,659.35 1 1
github.com/tikv/migration/br/pkg/lightning/backend/tidb/tidb.go:659.35,660.24 1 1
github.com/tikv/migration/br/pkg/lightning/backend/tidb/tidb.go:661.29,662.43 1 1
github.com/tikv/migration/br/pkg/lightning/backend/tidb/tidb.go:663.26,667.30 3 1
github.com/tikv/migration/br/pkg/lightning/backend/tidb/tidb.go:679.67,681.2 1 0
github.com/tikv/migration/br/pkg/lightning/backend/tidb/tidb.go:683.70,685.2 1 0
github.com/tikv/migration/br/pkg/lightning/backend/tidb/tidb.go:687.63,689.2 1 0
github.com/tikv/migration/br/pkg/lightning/backend/tidb/tidb.go:691.70,693.2 1 0
github.com/tikv/migration/br/pkg/lightning/backend/tidb/tidb.go:699.33,701.2 1 1
github.com/tikv/migration/br/pkg/lightning/backend/tidb/tidb.go:707.79,709.2 1 1
github.com/tikv/migration/br/pkg/lightning/backend/tidb/tidb.go:711.110,713.2 1 1
github.com/tikv/migration/br/pkg/lightning/backend/tidb/tidb.go:715.34,717.2 1 0
github.com/tikv/migration/br/pkg/lightning/backend/tidb/tidb.go:725.121,727.14 2 1
github.com/tikv/migration/br/pkg/lightning/backend/tidb/tidb.go:730.2,731.18 2 1
github.com/tikv/migration/br/pkg/lightning/backend/tidb/tidb.go:766.2,766.37 1 1
github.com/tikv/migration/br/pkg/lightning/backend/tidb/tidb.go:769.2,769.23 1 1
github.com/tikv/migration/br/pkg/lightning/backend/tidb/tidb.go:772.2,772.25 1 1
github.com/tikv/migration/br/pkg/lightning/backend/tidb/tidb.go:727.14,729.3 1 0
github.com/tikv/migration/br/pkg/lightning/backend/tidb/tidb.go:731.18,737.17 3 1
github.com/tikv/migration/br/pkg/lightning/backend/tidb/tidb.go:749.3,749.24 1 1
github.com/tikv/migration/br/pkg/lightning/backend/tidb/tidb.go:755.3,755.17 1 1
github.com/tikv/migration/br/pkg/lightning/backend/tidb/tidb.go:758.3,762.5 1 1
github.com/tikv/migration/br/pkg/lightning/backend/tidb/tidb.go:737.17,739.4 1 0
github.com/tikv/migration/br/pkg/lightning/backend/tidb/tidb.go:749.24,752.4 2 1
github.com/tikv/migration/br/pkg/lightning/backend/tidb/tidb.go:752.9,754.4 1 1
github.com/tikv/migration/br/pkg/lightning/backend/tidb/tidb.go:755.17,757.4 1 0
github.com/tikv/migration/br/pkg/lightning/backend/tidb/tidb.go:766.37,768.3 1 0
github.com/tikv/migration/br/pkg/lightning/backend/tidb/tidb.go:769.23,771.3 1 0
github.com/tikv/migration/br/pkg/lightning/checkpoints/checkpoints.go:186.42,187.14 1 0
github.com/tikv/migration/br/pkg/lightning/checkpoints/checkpoints.go:188.110,189.14 1 0
github.com/tikv/migration/br/pkg/lightning/checkpoints/checkpoints.go:190.10,191.15 1 0
github.com/tikv/migration/br/pkg/lightning/checkpoints/checkpoints.go:195.52,196.16 1 0
github.com/tikv/migration/br/pkg/lightning/checkpoints/checkpoints.go:197.30,198.19 1 0
github.com/tikv/migration/br/pkg/lightning/checkpoints/checkpoints.go:199.34,200.19 1 0
github.com/tikv/migration/br/pkg/lightning/checkpoints/checkpoints.go:201.30,202.18 1 0
github.com/tikv/migration/br/pkg/lightning/checkpoints/checkpoints.go:203.32,204.20 1 0
github.com/tikv/migration/br/pkg/lightning/checkpoints/checkpoints.go:205.37,206.26 1 0
github.com/tikv/migration/br/pkg/lightning/checkpoints/checkpoints.go:207.38,208.28 1 0
github.com/tikv/migration/br/pkg/lightning/checkpoints/checkpoints.go:209.68,210.20 1 0
github.com/tikv/migration/br/pkg/lightning/checkpoints/checkpoints.go:211.64,212.20 1 0
github.com/tikv/migration/br/pkg/lightning/checkpoints/checkpoints.go:213.31,214.19 1 0
github.com/tikv/migration/br/pkg/lightning/checkpoints/checkpoints.go:215.10,216.19 1 0
github.com/tikv/migration/br/pkg/lightning/checkpoints/checkpoints.go:225.48,227.2 1 1
github.com/tikv/migration/br/pkg/lightning/checkpoints/checkpoints.go:229.69,230.9 1 1
github.com/tikv/migration/br/pkg/lightning/checkpoints/checkpoints.go:231.29,232.14 1 1
github.com/tikv/migration/br/pkg/lightning/checkpoints/checkpoints.go:233.29,234.15 1 1
github.com/tikv/migration/br/pkg/lightning/checkpoints/checkpoints.go:235.10,236.35 1 1
github.com/tikv/migration/br/pkg/lightning/checkpoints/checkpoints.go:249.57,260.2 3 0
github.com/tikv/migration/br/pkg/lightning/checkpoints/checkpoints.go:267.62,269.38 2 0
github.com/tikv/migration/br/pkg/lightning/checkpoints/checkpoints.go:272.2,275.3 1 0
github.com/tikv/migration/br/pkg/lightning/checkpoints/checkpoints.go:269.38,271.3 1 0
github.com/tikv/migration/br/pkg/lightning/checkpoints/checkpoints.go:287.56,289.43 2 0
github.com/tikv/migration/br/pkg/lightning/checkpoints/checkpoints.go:292.2,298.3 1 0
github.com/tikv/migration/br/pkg/lightning/checkpoints/checkpoints.go:289.43,291.3 1 0
github.com/tikv/migration/br/pkg/lightning/checkpoints/checkpoints.go:301.46,303.36 2 0
github.com/tikv/migration/br/pkg/lightning/checkpoints/checkpoints.go:306.2,306.15 1 0
github.com/tikv/migration/br/pkg/lightning/checkpoints/checkpoints.go:303.36,305.3 1 0
github.com/tikv/migration/br/pkg/lightning/checkpoints/checkpoints.go:332.52,336.2 1 1
github.com/tikv/migration/br/pkg/lightning/checkpoints/checkpoints.go:338.106,339.46 1 1
github.com/tikv/migration/br/pkg/lightning/checkpoints/checkpoints.go:349.2,349.33 1 1
github.com/tikv/migration/br/pkg/lightning/checkpoints/checkpoints.go:339.46,340.24 1 1
github.com/tikv/migration/br/pkg/lightning/checkpoints/checkpoints.go:344.3,344.46 1 1
github.com/tikv/migration/br/pkg/lightning/checkpoints/checkpoints.go:347.3,347.20 1 1
github.com/tikv/migration/br/pkg/lightning/checkpoints/checkpoints.go:340.24,343.4 2 1
github.com/tikv/migration/br/pkg/lightning/checkpoints/checkpoints.go:344.46,346.4 1 1
github.com/tikv/migration/br/pkg/lightning/checkpoints/checkpoints.go:352.49,357.2 1 0
github.com/tikv/migration/br/pkg/lightning/checkpoints/checkpoints.go:360.60,361.19 1 1
github.com/tikv/migration/br/pkg/lightning/checkpoints/checkpoints.go:364.2,364.19 1 1
github.com/tikv/migration/br/pkg/lightning/checkpoints/checkpoints.go:367.2,367.48 1 1
github.com/tikv/migration/br/pkg/lightning/checkpoints/checkpoints.go:361.19,363.3 1 1
github.com/tikv/migration/br/pkg/lightning/checkpoints/checkpoints.go:364.19,366.3 1 1
github.com/tikv/migration/br/pkg/lightning/checkpoints/checkpoints.go:367.48,369.20 2 1
github.com/tikv/migration/br/pkg/lightning/checkpoints/checkpoints.go:372.3,372.27 1 1
github.com/tikv/migration/br/pkg/lightning/checkpoints/checkpoints.go:375.3,375.44 1 1
github.com/tikv/migration/br/pkg/lightning/checkpoints/checkpoints.go:369.20,370.12 1 1
github.com/tikv/migration/br/pkg/lightning/checkpoints/checkpoints.go:372.27,374.4 1 1
github.com/tikv/migration/br/pkg/lightning/checkpoints/checkpoints.go:375.44,377.62 2 1
github.com/tikv/migration/br/pkg/lightning/checkpoints/checkpoints.go:380.4,380.35 1 1
github.com/tikv/migration/br/pkg/lightning/checkpoints/checkpoints.go:383.4,384.34 2 1
github.com/tikv/migration/br/pkg/lightning/checkpoints/checkpoints.go:387.4,389.34 3 1
github.com/tikv/migration/br/pkg/lightning/checkpoints/checkpoints.go:377.62,379.5 1 1
github.com/tikv/migration/br/pkg/lightning/checkpoints/checkpoints.go:380.35,381.13 1 1
github.com/tikv/migration/br/pkg/lightning/checkpoints/checkpoints.go:384.34,385.13 1 1
github.com/tikv/migration/br/pkg/lightning/checkpoints/checkpoints.go:408.52,410.2 1 1
github.com/tikv/migration/br/pkg/lightning/checkpoints/checkpoints.go:412.75,413.90 1 1
github.com/tikv/migration/br/pkg/lightning/checkpoints/checkpoints.go:417.2,417.43 1 1
github.com/tikv/migration/br/pkg/lightning/checkpoints/checkpoints.go:413.90,416.3 2 1
github.com/tikv/migration/br/pkg/lightning/checkpoints/checkpoints.go:417.43,423.3 1 1
github.com/tikv/migration/br/pkg/lightning/checkpoints/checkpoints.go:435.74,446.2 1 1
github.com/tikv/migration/br/pkg/lightning/checkpoints/checkpoints.go:452.67,455.2 2 1
github.com/tikv/migration/br/pkg/lightning/checkpoints/checkpoints.go:461.75,464.2 2 1
github.com/tikv/migration/br/pkg/lightning/checkpoints/checkpoints.go:509.77,510.28 1 0
github.com/tikv/migration/br/pkg/lightning/checkpoints/checkpoints.go:514.2,514.31 1 0
github.com/tikv/migration/br/pkg/lightning/checkpoints/checkpoints.go:510.28,512.3 1 0
github.com/tikv/migration/br/pkg/lightning/checkpoints/checkpoints.go:515.36,517.17 2 0
github.com/tikv/migration/br/pkg/lightning/checkpoints/checkpoints.go:520.3,521.17 2 0
github.com/tikv/migration/br/pkg/lightning/checkpoints/checkpoints.go:525.3,525.19 1 0
github.com/tikv/migration/br/pkg/lightning/checkpoints/checkpoints.go:527.35,528.55 1 0
github.com/tikv/migration/br/pkg/lightning/checkpoints/checkpoints.go:530.10,531.83 1 0
github.com/tikv/migration/br/pkg/lightning/checkpoints/checkpoints.go:517.17,519.4 1 0
github.com/tikv/migration/br/pkg/lightning/checkpoints/checkpoints.go:521.17,524.4 2 0
github.com/tikv/migration/br/pkg/lightning/checkpoints/checkpoints.go:535.83,536.28 1 0
github.com/tikv/migration/br/pkg/lightning/checkpoints/checkpoints.go:539.2,539.31 1 0
github.com/tikv/migration/br/pkg/lightning/checkpoints/checkpoints.go:536.28,538.3 1 0
github.com/tikv/migration/br/pkg/lightning/checkpoints/checkpoints.go:540.36,542.17 2 0
github.com/tikv/migration/br/pkg/lightning/checkpoints/checkpoints.go:545.3,548.17 4 0
github.com/tikv/migration/br/pkg/lightning/checkpoints/checkpoints.go:551.3,553.36 3 0
github.com/tikv/migration/br/pkg/lightning/checkpoints/checkpoints.go:556.3,556.21 1 0
github.com/tikv/migration/br/pkg/lightning/checkpoints/checkpoints.go:558.35,560.17 2 0
github.com/tikv/migration/br/pkg/lightning/checkpoints/checkpoints.go:565.3,565.34 1 0
github.com/tikv/migration/br/pkg/lightning/checkpoints/checkpoints.go:567.10,568.85 1 0
github.com/tikv/migration/br/pkg/lightning/checkpoints/checkpoints.go:542.17,544.4 1 0
github.com/tikv/migration/br/pkg/lightning/checkpoints/checkpoints.go:548.17,550.4 1 0
github.com/tikv/migration/br/pkg/lightning/checkpoints/checkpoints.go:553.36,555.4 1 0
github.com/tikv/migration/br/pkg/lightning/checkpoints/checkpoints.go:560.17,562.4 1 0
github.com/tikv/migration/br/pkg/lightning/checkpoints/checkpoints.go:562.9,562.32 1 0
github.com/tikv/migration/br/pkg/lightning/checkpoints/checkpoints.go:562.32,564.4 1 0
github.com/tikv/migration/br/pkg/lightning/checkpoints/checkpoints.go:575.48,577.2 1 0
github.com/tikv/migration/br/pkg/lightning/checkpoints/checkpoints.go:579.101,581.2 1 0
github.com/tikv/migration/br/pkg/lightning/checkpoints/checkpoints.go:583.88,585.2 1 0
github.com/tikv/migration/br/pkg/lightning/checkpoints/checkpoints.go:587.41,589.2 1 0
github.com/tikv/migration/br/pkg/lightning/checkpoints/checkpoints.go:591.86,596.2 1 0
github.com/tikv/migration/br/pkg/lightning/checkpoints/checkpoints.go:598.117,600.2 1 0
github.com/tikv/migration/br/pkg/lightning/checkpoints/checkpoints.go:602.73,604.2 1 0
github.com/tikv/migration/br/pkg/lightning/checkpoints/checkpoints.go:611.109,619.16 4 1
github.com/tikv/migration/br/pkg/lightning/checkpoints/checkpoints.go:623.2,624.16 2 1
github.com/tikv/migration/br/pkg/lightning/checkpoints/checkpoints.go:628.2,629.16 2 1
github.com/tikv/migration/br/pkg/lightning/checkpoints/checkpoints.go:633.2,634.16 2 1
github.com/tikv/migration/br/pkg/lightning/checkpoints/checkpoints.go:638.2,639.16 2 1
github.com/tikv/migration/br/pkg/lightning/checkpoints/checkpoints.go:643.2,646.8 1 1
github.com/tikv/migration/br/pkg/lightning/checkpoints/checkpoints.go:619.16,621.3 1 0
github.com/tikv/migration/br/pkg/lightning/checkpoints/checkpoints.go:624.16,626.3 1 0
github.com/tikv/migration/br/pkg/lightning/checkpoints/checkpoints.go:629.16,631.3 1 0
github.com/tikv/migration/br/pkg/lightning/checkpoints/checkpoints.go:634.16,636.3 1 0
github.com/tikv/migration/br/pkg/lightning/checkpoints/checkpoints.go:639.16,641.3 1 0
github.com/tikv/migration/br/pkg/lightning/checkpoints/checkpoints.go:649.122,653.89 2 1
github.com/tikv/migration/br/pkg/lightning/checkpoints/checkpoints.go:690.2,690.16 1 1
github.com/tikv/migration/br/pkg/lightning/checkpoints/checkpoints.go:694.2,694.12 1 1
github.com/tikv/migration/br/pkg/lightning/checkpoints/checkpoints.go:653.89,655.17 2 1
github.com/tikv/migration/br/pkg/lightning/checkpoints/checkpoints.go:658.3,662.17 3 1
github.com/tikv/migration/br/pkg/lightning/checkpoints/checkpoints.go:672.3,673.17 2 1
github.com/tikv/migration/br/pkg/lightning/checkpoints/checkpoints.go:676.3,678.29 2 1
github.com/tikv/migration/br/pkg/lightning/checkpoints/checkpoints.go:688.3,688.13 1 1
github.com/tikv/migration/br/pkg/lightning/checkpoints/checkpoints.go:655.17,657.4 1 0
github.com/tikv/migration/br/pkg/lightning/checkpoints/checkpoints.go:662.17,664.4 1 0
github.com/tikv/migration/br/pkg/lightning/checkpoints/checkpoints.go:673.17,675.4 1 0
github.com/tikv/migration/br/pkg/lightning/checkpoints/checkpoints.go:678.29,679.36 1 1
github.com/tikv/migration/br/pkg/lightning/checkpoints/checkpoints.go:679.36,682.19 3 1
github.com/tikv/migration/br/pkg/lightning/checkpoints/checkpoints.go:682.19,684.6 1 0
github.com/tikv/migration/br/pkg/lightning/checkpoints/checkpoints.go:690.16,692.3 1 0
github.com/tikv/migration/br/pkg/lightning/checkpoints/checkpoints.go:697.94,707.16 5 0
github.com/tikv/migration/br/pkg/lightning/checkpoints/checkpoints.go:715.2,715.20 1 0
github.com/tikv/migration/br/pkg/lightning/checkpoints/checkpoints.go:707.16,709.41 1 0
github.com/tikv/migration/br/pkg/lightning/checkpoints/checkpoints.go:712.3,712.32 1 0
github.com/tikv/migration/br/pkg/lightning/checkpoints/checkpoints.go:709.41,711.4 1 0
github.com/tikv/migration/br/pkg/lightning/checkpoints/checkpoints.go:718.47,720.2 1 1
github.com/tikv/migration/br/pkg/lightning/checkpoints/checkpoints.go:722.102,731.86 3 1
github.com/tikv/migration/br/pkg/lightning/checkpoints/checkpoints.go:808.2,808.16 1 1
github.com/tikv/migration/br/pkg/lightning/checkpoints/checkpoints.go:812.2,812.16 1 1
github.com/tikv/migration/br/pkg/lightning/checkpoints/checkpoints.go:731.86,736.17 3 1
github.com/tikv/migration/br/pkg/lightning/checkpoints/checkpoints.go:739.3,740.25 2 1
github.com/tikv/migration/br/pkg/lightning/checkpoints/checkpoints.go:752.3,752.42 1 1
github.com/tikv/migration/br/pkg/lightning/checkpoints/checkpoints.go:758.3,760.17 3 1
github.com/tikv/migration/br/pkg/lightning/checkpoints/checkpoints.go:763.3,764.24 2 1
github.com/tikv/migration/br/pkg/lightning/checkpoints/checkpoints.go:788.3,788.41 1 1
github.com/tikv/migration/br/pkg/lightning/checkpoints/checkpoints.go:794.3,799.101 5 1
github.com/tikv/migration/br/pkg/lightning/checkpoints/checkpoints.go:804.3,806.13 3 1
github.com/tikv/migration/br/pkg/lightning/checkpoints/checkpoints.go:736.17,738.4 1 0
github.com/tikv/migration/br/pkg/lightning/checkpoints/checkpoints.go:740.25,745.62 2 1
github.com/tikv/migration/br/pkg/lightning/checkpoints/checkpoints.go:748.4,750.5 1 1
github.com/tikv/migration/br/pkg/lightning/checkpoints/checkpoints.go:745.62,747.5 1 0
github.com/tikv/migration/br/pkg/lightning/checkpoints/checkpoints.go:752.42,754.4 1 0
github.com/tikv/migration/br/pkg/lightning/checkpoints/checkpoints.go:760.17,762.4 1 0
github.com/tikv/migration/br/pkg/lightning/checkpoints/checkpoints.go:764.24,778.18 2 1
github.com/tikv/migration/br/pkg/lightning/checkpoints/checkpoints.go:781.4,783.76 3 1
github.com/tikv/migration/br/pkg/lightning/checkpoints/checkpoints.go:786.4,786.76 1 1
github.com/tikv/migration/br/pkg/lightning/checkpoints/checkpoints.go:778.18,780.5 1 0
github.com/tikv/migration/br/pkg/lightning/checkpoints/checkpoints.go:783.76,785.5 1 0
github.com/tikv/migration/br/pkg/lightning/checkpoints/checkpoints.go:788.41,790.4 1 0
github.com/tikv/migration/br/pkg/lightning/checkpoints/checkpoints.go:799.101,800.28 1 1
github.com/tikv/migration/br/pkg/lightning/checkpoints/checkpoints.go:800.28,802.5 1 1
github.com/tikv/migration/br/pkg/lightning/checkpoints/checkpoints.go:808.16,810.3 1 1
github.com/tikv/migration/br/pkg/lightning/checkpoints/checkpoints.go:815.143,820.96 2 1
github.com/tikv/migration/br/pkg/lightning/checkpoints/checkpoints.go:857.2,857.16 1 1
github.com/tikv/migration/br/pkg/lightning/checkpoints/checkpoints.go:861.2,861.12 1 1
github.com/tikv/migration/br/pkg/lightning/checkpoints/checkpoints.go:820.96,822.17 2 1
github.com/tikv/migration/br/pkg/lightning/checkpoints/checkpoints.go:825.3,828.17 3 1
github.com/tikv/migration/br/pkg/lightning/checkpoints/checkpoints.go:831.3,833.45 2 1
github.com/tikv/migration/br/pkg/lightning/checkpoints/checkpoints.go:855.3,855.13 1 1
github.com/tikv/migration/br/pkg/lightning/checkpoints/checkpoints.go:822.17,824.4 1 0
github.com/tikv/migration/br/pkg/lightning/checkpoints/checkpoints.go:828.17,830.4 1 0
github.com/tikv/migration/br/pkg/lightning/checkpoints/checkpoints.go:833.45,835.18 2 1
github.com/tikv/migration/br/pkg/lightning/checkpoints/checkpoints.go:838.4,838.40 1 1
github.com/tikv/migration/br/pkg/lightning/checkpoints/checkpoints.go:835.18,837.5 1 0
github.com/tikv/migration/br/pkg/lightning/checkpoints/checkpoints.go:838.40,840.19 2 1
github.com/tikv/migration/br/pkg/lightning/checkpoints/checkpoints.go:843.5,849.19 2 1
github.com/tikv/migration/br/pkg/lightning/checkpoints/checkpoints.go:840.19,842.6 1 0
github.com/tikv/migration/br/pkg/lightning/checkpoints/checkpoints.go:849.19,851.6 1 0
github.com/tikv/migration/br/pkg/lightning/checkpoints/checkpoints.go:857.16,859.3 1 0
github.com/tikv/migration/br/pkg/lightning/checkpoints/checkpoints.go:864.95,872.106 7 1
github.com/tikv/migration/br/pkg/lightning/checkpoints/checkpoints.go:872.106,874.15 2 1
github.com/tikv/migration/br/pkg/lightning/checkpoints/checkpoints.go:877.3,879.15 3 1
github.com/tikv/migration/br/pkg/lightning/checkpoints/checkpoints.go:882.3,884.15 3 1
github.com/tikv/migration/br/pkg/lightning/checkpoints/checkpoints.go:887.3,889.15 3 1
github.com/tikv/migration/br/pkg/lightning/checkpoints/checkpoints.go:892.3,894.15 3 1
github.com/tikv/migration/br/pkg/lightning/checkpoints/checkpoints.go:897.3,898.47 2 1
github.com/tikv/migration/br/pkg/lightning/checkpoints/checkpoints.go:936.3,936.13 1 1
github.com/tikv/migration/br/pkg/lightning/checkpoints/checkpoints.go:874.15,876.4 1 0
github.com/tikv/migration/br/pkg/lightning/checkpoints/checkpoints.go:879.15,881.4 1 0
github.com/tikv/migration/br/pkg/lightning/checkpoints/checkpoints.go:884.15,886.4 1 0
github.com/tikv/migration/br/pkg/lightning/checkpoints/checkpoints.go:889.15,891.4 1 0
github.com/tikv/migration/br/pkg/lightning/checkpoints/checkpoints.go:894.15,896.4 1 0
github.com/tikv/migration/br/pkg/lightning/checkpoints/checkpoints.go:898.47,899.21 1 1
github.com/tikv/migration/br/pkg/lightning/checkpoints/checkpoints.go:904.4,904.21 1 1
github.com/tikv/migration/br/pkg/lightning/checkpoints/checkpoints.go:909.4,909.23 1 1
github.com/tikv/migration/br/pkg/lightning/checkpoints/checkpoints.go:914.4,914.50 1 1
github.com/tikv/migration/br/pkg/lightning/checkpoints/checkpoints.go:899.21,900.80 1 1
github.com/tikv/migration/br/pkg/lightning/checkpoints/checkpoints.go:900.80,902.6 1 0
github.com/tikv/migration/br/pkg/lightning/checkpoints/checkpoints.go:904.21,905.78 1 1
github.com/tikv/migration/br/pkg/lightning/checkpoints/checkpoints.go:905.78,907.6 1 0
github.com/tikv/migration/br/pkg/lightning/checkpoints/checkpoints.go:909.23,910.137 1 1
github.com/tikv/migration/br/pkg/lightning/checkpoints/checkpoints.go:910.137,912.6 1 0
github.com/tikv/migration/br/pkg/lightning/checkpoints/checkpoints.go:914.50,915.29 1 1
github.com/tikv/migration/br/pkg/lightning/checkpoints/checkpoints.go:920.5,920.46 1 1
github.com/tikv/migration/br/pkg/lightning/checkpoints/checkpoints.go:915.29,916.99 1 1
github.com/tikv/migration/br/pkg/lightning/checkpoints/checkpoints.go:916.99,918.7 1 0
github.com/tikv/migration/br/pkg/lightning/checkpoints/checkpoints.go:920.46,922.20 2 1
github.com/tikv/migration/br/pkg/lightning/checkpoints/checkpoints.go:925.6,929.18 1 1
github.com/tikv/migration/br/pkg/lightning/checkpoints/checkpoints.go:922.20,924.7 1 0
github.com/tikv/migration/br/pkg/lightning/checkpoints/checkpoints.go:929.18,931.7 1 0
github.com/tikv/migration/br/pkg/lightning/checkpoints/checkpoints.go:946.59,956.16 3 1
github.com/tikv/migration/br/pkg/lightning/checkpoints/checkpoints.go:982.2,982.13 1 1
github.com/tikv/migration/br/pkg/lightning/checkpoints/checkpoints.go:956.16,958.18 2 1
github.com/tikv/migration/br/pkg/lightning/checkpoints/checkpoints.go:963.3,963.42 1 1
github.com/tikv/migration/br/pkg/lightning/checkpoints/checkpoints.go:966.3,966.54 1 1
github.com/tikv/migration/br/pkg/lightning/checkpoints/checkpoints.go:958.18,960.4 1 0
github.com/tikv/migration/br/pkg/lightning/checkpoints/checkpoints.go:963.42,965.4 1 0
github.com/tikv/migration/br/pkg/lightning/checkpoints/checkpoints.go:966.54,967.28 1 1
github.com/tikv/migration/br/pkg/lightning/checkpoints/checkpoints.go:970.4,970.41 1 1
github.com/tikv/migration/br/pkg/lightning/checkpoints/checkpoints.go:967.28,969.5 1 1
github.com/tikv/migration/br/pkg/lightning/checkpoints/checkpoints.go:970.41,971.29 1 0
github.com/tikv/migration/br/pkg/lightning/checkpoints/checkpoints.go:971.29,973.6 1 0
github.com/tikv/migration/br/pkg/lightning/checkpoints/checkpoints.go:976.8,981.3 1 1
github.com/tikv/migration/br/pkg/lightning/checkpoints/checkpoints.go:985.45,987.16 2 1
github.com/tikv/migration/br/pkg/lightning/checkpoints/checkpoints.go:992.2,993.65 2 1
github.com/tikv/migration/br/pkg/lightning/checkpoints/checkpoints.go:996.2,996.54 1 1
github.com/tikv/migration/br/pkg/lightning/checkpoints/checkpoints.go:999.2,999.12 1 1
github.com/tikv/migration/br/pkg/lightning/checkpoints/checkpoints.go:987.16,989.3 1 0
github.com/tikv/migration/br/pkg/lightning/checkpoints/checkpoints.go:993.65,995.3 1 0
github.com/tikv/migration/br/pkg/lightning/checkpoints/checkpoints.go:996.54,998.3 1 0
github.com/tikv/migration/br/pkg/lightning/checkpoints/checkpoints.go:1002.121,1018.41 4 1
github.com/tikv/migration/br/pkg/lightning/checkpoints/checkpoints.go:1022.2,1022.28 1 1
github.com/tikv/migration/br/pkg/lightning/checkpoints/checkpoints.go:1036.2,1036.34 1 1
github.com/tikv/migration/br/pkg/lightning/checkpoints/checkpoints.go:1018.41,1020.3 1 0
github.com/tikv/migration/br/pkg/lightning/checkpoints/checkpoints.go:1022.28,1023.35 1 1
github.com/tikv/migration/br/pkg/lightning/checkpoints/checkpoints.go:1023.35,1025.61 2 1
github.com/tikv/migration/br/pkg/lightning/checkpoints/checkpoints.go:1025.61,1031.5 1 1
github.com/tikv/migration/br/pkg/lightning/checkpoints/checkpoints.go:1039.91,1042.33 2 0
github.com/tikv/migration/br/pkg/lightning/checkpoints/checkpoints.go:1046.2,1056.8 1 0
github.com/tikv/migration/br/pkg/lightning/checkpoints/checkpoints.go:1042.33,1044.3 1 0
github.com/tikv/migration/br/pkg/lightning/checkpoints/checkpoints.go:1059.46,1064.2 3 1
github.com/tikv/migration/br/pkg/lightning/checkpoints/checkpoints.go:1066.99,1071.9 4 1
github.com/tikv/migration/br/pkg/lightning/checkpoints/checkpoints.go:1075.2,1083.56 2 1
github.com/tikv/migration/br/pkg/lightning/checkpoints/checkpoints.go:1125.2,1125.16 1 1
github.com/tikv/migration/br/pkg/lightning/checkpoints/checkpoints.go:1071.9,1073.3 1 1
github.com/tikv/migration/br/pkg/lightning/checkpoints/checkpoints.go:1083.56,1089.49 2 1
github.com/tikv/migration/br/pkg/lightning/checkpoints/checkpoints.go:1118.3,1118.49 1 1
github.com/tikv/migration/br/pkg/lightning/checkpoints/checkpoints.go:1122.3,1122.32 1 1
github.com/tikv/migration/br/pkg/lightning/checkpoints/checkpoints.go:1089.49,1091.51 2 1
github.com/tikv/migration/br/pkg/lightning/checkpoints/checkpoints.go:1094.4,1115.6 1 1
github.com/tikv/migration/br/pkg/lightning/checkpoints/checkpoints.go:1091.51,1093.5 1 0
github.com/tikv/migration/br/pkg/lightning/checkpoints/checkpoints.go:1118.49,1120.4 1 0
github.com/tikv/migration/br/pkg/lightning/checkpoints/checkpoints.go:1128.140,1133.44 4 1
github.com/tikv/migration/br/pkg/lightning/checkpoints/checkpoints.go:1164.2,1164.34 1 1
github.com/tikv/migration/br/pkg/lightning/checkpoints/checkpoints.go:1133.44,1138.39 2 1
github.com/tikv/migration/br/pkg/lightning/checkpoints/checkpoints.go:1161.3,1161.45 1 1
github.com/tikv/migration/br/pkg/lightning/checkpoints/checkpoints.go:1138.39,1141.11 3 1
github.com/tikv/migration/br/pkg/lightning/checkpoints/checkpoints.go:1148.4,1157.40 10 1
github.com/tikv/migration/br/pkg/lightning/checkpoints/checkpoints.go:1141.11,1147.5 2 1
github.com/tikv/migration/br/pkg/lightning/checkpoints/checkpoints.go:1157.40,1159.5 1 0
github.com/tikv/migration/br/pkg/lightning/checkpoints/checkpoints.go:1167.94,1171.46 3 1
github.com/tikv/migration/br/pkg/lightning/checkpoints/checkpoints.go:1202.2,1202.20 1 1
github.com/tikv/migration/br/pkg/lightning/checkpoints/checkpoints.go:1171.46,1173.20 2 1
github.com/tikv/migration/br/pkg/lightning/checkpoints/checkpoints.go:1176.3,1176.20 1 1
github.com/tikv/migration/br/pkg/lightning/checkpoints/checkpoints.go:1179.3,1179.22 1 1
github.com/tikv/migration/br/pkg/lightning/checkpoints/checkpoints.go:1184.3,1184.49 1 1
github.com/tikv/migration/br/pkg/lightning/checkpoints/checkpoints.go:1173.20,1175.4 1 1
github.com/tikv/migration/br/pkg/lightning/checkpoints/checkpoints.go:1176.20,1178.4 1 1
github.com/tikv/migration/br/pkg/lightning/checkpoints/checkpoints.go:1179.22,1183.4 3 1
github.com/tikv/migration/br/pkg/lightning/checkpoints/checkpoints.go:1184.49,1186.28 2 1
github.com/tikv/migration/br/pkg/lightning/checkpoints/checkpoints.go:1190.4,1190.45 1 1
github.com/tikv/migration/br/pkg/lightning/checkpoints/checkpoints.go:1186.28,1188.5 1 1
github.com/tikv/migration/br/pkg/lightning/checkpoints/checkpoints.go:1190.45,1198.5 7 1
github.com/tikv/migration/br/pkg/lightning/checkpoints/checkpoints.go:1209.75,1211.2 1 0
github.com/tikv/migration/br/pkg/lightning/checkpoints/checkpoints.go:1213.73,1215.2 1 0
github.com/tikv/migration/br/pkg/lightning/checkpoints/checkpoints.go:1217.94,1219.2 1 0
github.com/tikv/migration/br/pkg/lightning/checkpoints/checkpoints.go:1221.80,1223.2 1 0
github.com/tikv/migration/br/pkg/lightning/checkpoints/checkpoints.go:1225.111,1227.2 1 0
github.com/tikv/migration/br/pkg/lightning/checkpoints/checkpoints.go:1229.72,1231.2 1 0
github.com/tikv/migration/br/pkg/lightning/checkpoints/checkpoints.go:1233.73,1235.2 1 0
github.com/tikv/migration/br/pkg/lightning/checkpoints/checkpoints.go:1237.72,1239.2 1 0
github.com/tikv/migration/br/pkg/lightning/checkpoints/checkpoints.go:1241.95,1247.28 2 1
github.com/tikv/migration/br/pkg/lightning/checkpoints/checkpoints.go:1251.2,1255.89 4 1
github.com/tikv/migration/br/pkg/lightning/checkpoints/checkpoints.go:1247.28,1249.3 1 1
github.com/tikv/migration/br/pkg/lightning/checkpoints/checkpoints.go:1255.89,1256.71 1 1
github.com/tikv/migration/br/pkg/lightning/checkpoints/checkpoints.go:1259.3,1259.72 1 1
github.com/tikv/migration/br/pkg/lightning/checkpoints/checkpoints.go:1262.3,1262.71 1 1
github.com/tikv/migration/br/pkg/lightning/checkpoints/checkpoints.go:1265.3,1265.13 1 1
github.com/tikv/migration/br/pkg/lightning/checkpoints/checkpoints.go:1256.71,1258.4 1 0
github.com/tikv/migration/br/pkg/lightning/checkpoints/checkpoints.go:1259.72,1261.4 1 0
github.com/tikv/migration/br/pkg/lightning/checkpoints/checkpoints.go:1262.71,1264.4 1 0
github.com/tikv/migration/br/pkg/lightning/checkpoints/checkpoints.go:1269.90,1280.87 4 1
github.com/tikv/migration/br/pkg/lightning/checkpoints/checkpoints.go:1283.2,1286.4 1 1
github.com/tikv/migration/br/pkg/lightning/checkpoints/checkpoints.go:1293.2,1293.12 1 1
github.com/tikv/migration/br/pkg/lightning/checkpoints/checkpoints.go:1280.87,1282.3 1 0
github.com/tikv/migration/br/pkg/lightning/checkpoints/checkpoints.go:1286.4,1288.87 2 1
github.com/tikv/migration/br/pkg/lightning/checkpoints/checkpoints.go:1288.87,1290.4 1 0
github.com/tikv/migration/br/pkg/lightning/checkpoints/checkpoints.go:1296.104,1317.72 3 0
github.com/tikv/migration/br/pkg/lightning/checkpoints/checkpoints.go:1339.2,1339.16 1 0
github.com/tikv/migration/br/pkg/lightning/checkpoints/checkpoints.go:1343.2,1343.26 1 0
github.com/tikv/migration/br/pkg/lightning/checkpoints/checkpoints.go:1317.72,1320.17 3 0
github.com/tikv/migration/br/pkg/lightning/checkpoints/checkpoints.go:1323.3,1324.19 2 0
github.com/tikv/migration/br/pkg/lightning/checkpoints/checkpoints.go:1334.3,1334.36 1 0
github.com/tikv/migration/br/pkg/lightning/checkpoints/checkpoints.go:1337.3,1337.13 1 0
github.com/tikv/migration/br/pkg/lightning/checkpoints/checkpoints.go:1320.17,1322.4 1 0
github.com/tikv/migration/br/pkg/lightning/checkpoints/checkpoints.go:1324.19,1329.59 2 0
github.com/tikv/migration/br/pkg/lightning/checkpoints/checkpoints.go:1332.4,1332.71 1 0
github.com/tikv/migration/br/pkg/lightning/checkpoints/checkpoints.go:1329.59,1331.5 1 0
github.com/tikv/migration/br/pkg/lightning/checkpoints/checkpoints.go:1334.36,1336.4 1 0
github.com/tikv/migration/br/pkg/lightning/checkpoints/checkpoints.go:1339.16,1341.3 1 0
github.com/tikv/migration/br/pkg/lightning/checkpoints/checkpoints.go:1346.100,1348.28 2 1
github.com/tikv/migration/br/pkg/lightning/checkpoints/checkpoints.go:1356.2,1367.95 4 1
github.com/tikv/migration/br/pkg/lightning/checkpoints/checkpoints.go:1376.2,1376.26 1 1
github.com/tikv/migration/br/pkg/lightning/checkpoints/checkpoints.go:1348.28,1352.3 1 1
github.com/tikv/migration/br/pkg/lightning/checkpoints/checkpoints.go:1352.8,1354.3 1 1
github.com/tikv/migration/br/pkg/lightning/checkpoints/checkpoints.go:1367.95,1368.66 1 1
github.com/tikv/migration/br/pkg/lightning/checkpoints/checkpoints.go:1371.3,1371.65 1 1
github.com/tikv/migration/br/pkg/lightning/checkpoints/checkpoints.go:1374.3,1374.13 1 1
github.com/tikv/migration/br/pkg/lightning/checkpoints/checkpoints.go:1368.66,1370.4 1 0
github.com/tikv/migration/br/pkg/lightning/checkpoints/checkpoints.go:1371.65,1373.4 1 0
github.com/tikv/migration/br/pkg/lightning/checkpoints/checkpoints.go:1379.131,1382.28 2 1
github.com/tikv/migration/br/pkg/lightning/checkpoints/checkpoints.go:1392.2,1418.96 7 1
github.com/tikv/migration/br/pkg/lightning/checkpoints/checkpoints.go:1449.2,1449.16 1 1
github.com/tikv/migration/br/pkg/lightning/checkpoints/checkpoints.go:1453.2,1453.26 1 1
github.com/tikv/migration/br/pkg/lightning/checkpoints/checkpoints.go:1382.28,1387.3 2 1
github.com/tikv/migration/br/pkg/lightning/checkpoints/checkpoints.go:1387.8,1390.3 2 1
github.com/tikv/migration/br/pkg/lightning/checkpoints/checkpoints.go:1418.96,1422.15 3 1
github.com/tikv/migration/br/pkg/lightning/checkpoints/checkpoints.go:1425.3,1426.19 2 1
github.com/tikv/migration/br/pkg/lightning/checkpoints/checkpoints.go:1433.3,1433.32 1 1
github.com/tikv/migration/br/pkg/lightning/checkpoints/checkpoints.go:1438.3,1438.71 1 1
github.com/tikv/migration/br/pkg/lightning/checkpoints/checkpoints.go:1441.3,1441.72 1 1
github.com/tikv/migration/br/pkg/lightning/checkpoints/checkpoints.go:1444.3,1444.71 1 1
github.com/tikv/migration/br/pkg/lightning/checkpoints/checkpoints.go:1447.3,1447.13 1 1
github.com/tikv/migration/br/pkg/lightning/checkpoints/checkpoints.go:1422.15,1424.4 1 0
github.com/tikv/migration/br/pkg/lightning/checkpoints/checkpoints.go:1426.19,1428.84 2 1
github.com/tikv/migration/br/pkg/lightning/checkpoints/checkpoints.go:1431.4,1431.44 1 1
github.com/tikv/migration/br/pkg/lightning/checkpoints/checkpoints.go:1428.84,1430.5 1 0
github.com/tikv/migration/br/pkg/lightning/checkpoints/checkpoints.go:1433.32,1435.4 1 0
github.com/tikv/migration/br/pkg/lightning/checkpoints/checkpoints.go:1438.71,1440.4 1 0
github.com/tikv/migration/br/pkg/lightning/checkpoints/checkpoints.go:1441.72,1443.4 1 0
github.com/tikv/migration/br/pkg/lightning/checkpoints/checkpoints.go:1444.71,1446.4 1 0
github.com/tikv/migration/br/pkg/lightning/checkpoints/checkpoints.go:1449.16,1451.3 1 0
github.com/tikv/migration/br/pkg/lightning/checkpoints/checkpoints.go:1457.89,1469.16 2 1
github.com/tikv/migration/br/pkg/lightning/checkpoints/checkpoints.go:1472.2,1474.51 2 1
github.com/tikv/migration/br/pkg/lightning/checkpoints/checkpoints.go:1469.16,1471.3 1 0
github.com/tikv/migration/br/pkg/lightning/checkpoints/checkpoints.go:1478.90,1488.16 2 1
github.com/tikv/migration/br/pkg/lightning/checkpoints/checkpoints.go:1491.2,1493.51 2 1
github.com/tikv/migration/br/pkg/lightning/checkpoints/checkpoints.go:1488.16,1490.3 1 0
github.com/tikv/migration/br/pkg/lightning/checkpoints/checkpoints.go:1497.89,1519.16 2 1
github.com/tikv/migration/br/pkg/lightning/checkpoints/checkpoints.go:1522.2,1524.51 2 1
github.com/tikv/migration/br/pkg/lightning/checkpoints/checkpoints.go:1519.16,1521.3 1 0
github.com/tikv/migration/br/pkg/lightning/checkpoints/checkpoints.go:1527.92,1531.28 3 1
github.com/tikv/migration/br/pkg/lightning/checkpoints/checkpoints.go:1536.2,1537.34 2 1
github.com/tikv/migration/br/pkg/lightning/checkpoints/checkpoints.go:1531.28,1534.3 2 1
github.com/tikv/migration/br/pkg/lightning/checkpoints/checkpoints.go:1540.89,1546.2 4 0
github.com/tikv/migration/br/pkg/lightning/checkpoints/checkpoints.go:1548.101,1554.66 4 0
github.com/tikv/migration/br/pkg/lightning/checkpoints/checkpoints.go:1574.2,1574.26 1 0
github.com/tikv/migration/br/pkg/lightning/checkpoints/checkpoints.go:1554.66,1556.63 1 0
github.com/tikv/migration/br/pkg/lightning/checkpoints/checkpoints.go:1559.3,1559.57 1 0
github.com/tikv/migration/br/pkg/lightning/checkpoints/checkpoints.go:1556.63,1557.12 1 0
github.com/tikv/migration/br/pkg/lightning/checkpoints/checkpoints.go:1559.57,1561.60 1 0
github.com/tikv/migration/br/pkg/lightning/checkpoints/checkpoints.go:1565.4,1565.50 1 0
github.com/tikv/migration/br/pkg/lightning/checkpoints/checkpoints.go:1561.60,1562.13 1 0
github.com/tikv/migration/br/pkg/lightning/checkpoints/checkpoints.go:1565.50,1566.43 1 0
github.com/tikv/migration/br/pkg/lightning/checkpoints/checkpoints.go:1566.43,1568.11 2 0
github.com/tikv/migration/br/pkg/lightning/checkpoints/checkpoints.go:1577.103,1581.66 3 1
github.com/tikv/migration/br/pkg/lightning/checkpoints/checkpoints.go:1594.2,1594.34 1 1
github.com/tikv/migration/br/pkg/lightning/checkpoints/checkpoints.go:1581.66,1582.70 1 1
github.com/tikv/migration/br/pkg/lightning/checkpoints/checkpoints.go:1585.3,1585.62 1 1
github.com/tikv/migration/br/pkg/lightning/checkpoints/checkpoints.go:1588.3,1588.50 1 1
github.com/tikv/migration/br/pkg/lightning/checkpoints/checkpoints.go:1582.70,1583.12 1 1
github.com/tikv/migration/br/pkg/lightning/checkpoints/checkpoints.go:1585.62,1587.4 1 1
github.com/tikv/migration/br/pkg/lightning/checkpoints/checkpoints.go:1588.50,1589.64 1 1
github.com/tikv/migration/br/pkg/lightning/checkpoints/checkpoints.go:1589.64,1591.5 1 1
github.com/tikv/migration/br/pkg/lightning/checkpoints/checkpoints.go:1597.134,1603.66 4 1
github.com/tikv/migration/br/pkg/lightning/checkpoints/checkpoints.go:1628.2,1628.36 1 1
github.com/tikv/migration/br/pkg/lightning/checkpoints/checkpoints.go:1631.2,1631.36 1 1
github.com/tikv/migration/br/pkg/lightning/checkpoints/checkpoints.go:1635.2,1635.26 1 1
github.com/tikv/migration/br/pkg/lightning/checkpoints/checkpoints.go:1603.66,1605.70 1 1
github.com/tikv/migration/br/pkg/lightning/checkpoints/checkpoints.go:1608.3,1608.62 1 1
github.com/tikv/migration/br/pkg/lightning/checkpoints/checkpoints.go:1605.70,1606.12 1 1
github.com/tikv/migration/br/pkg/lightning/checkpoints/checkpoints.go:1608.62,1610.45 2 1
github.com/tikv/migration/br/pkg/lightning/checkpoints/checkpoints.go:1619.4,1623.6 1 1
github.com/tikv/migration/br/pkg/lightning/checkpoints/checkpoints.go:1610.45,1611.31 1 1
github.com/tikv/migration/br/pkg/lightning/checkpoints/checkpoints.go:1614.5,1614.31 1 1
github.com/tikv/migration/br/pkg/lightning/checkpoints/checkpoints.go:1611.31,1613.6 1 1
github.com/tikv/migration/br/pkg/lightning/checkpoints/checkpoints.go:1614.31,1616.6 1 1
github.com/tikv/migration/br/pkg/lightning/checkpoints/checkpoints.go:1628.36,1630.3 1 1
github.com/tikv/migration/br/pkg/lightning/checkpoints/checkpoints.go:1631.36,1633.3 1 0
github.com/tikv/migration/br/pkg/lightning/checkpoints/checkpoints.go:1638.77,1640.2 1 0
github.com/tikv/migration/br/pkg/lightning/checkpoints/checkpoints.go:1642.78,1644.2 1 0
github.com/tikv/migration/br/pkg/lightning/checkpoints/checkpoints.go:1646.77,1648.2 1 0
github.com/tikv/migration/br/pkg/lightning/checkpoints/checkpoints.go:1650.43,1652.22 2 1
github.com/tikv/migration/br/pkg/lightning/checkpoints/checkpoints.go:1655.2,1655.12 1 1
github.com/tikv/migration/br/pkg/lightning/checkpoints/checkpoints.go:1652.22,1654.3 1 0
github.com/tikv/migration/br/pkg/lightning/checkpoints/glue_checkpoint.go:62.55,63.57 1 0
github.com/tikv/migration/br/pkg/lightning/checkpoints/glue_checkpoint.go:63.57,65.3 1 0
github.com/tikv/migration/br/pkg/lightning/checkpoints/glue_checkpoint.go:68.134,75.74 6 0
github.com/tikv/migration/br/pkg/lightning/checkpoints/glue_checkpoint.go:79.2,79.16 1 0
github.com/tikv/migration/br/pkg/lightning/checkpoints/glue_checkpoint.go:83.2,84.75 2 0
github.com/tikv/migration/br/pkg/lightning/checkpoints/glue_checkpoint.go:88.2,88.16 1 0
github.com/tikv/migration/br/pkg/lightning/checkpoints/glue_checkpoint.go:92.2,93.76 2 0
github.com/tikv/migration/br/pkg/lightning/checkpoints/glue_checkpoint.go:97.2,97.16 1 0
github.com/tikv/migration/br/pkg/lightning/checkpoints/glue_checkpoint.go:101.2,102.77 2 0
github.com/tikv/migration/br/pkg/lightning/checkpoints/glue_checkpoint.go:106.2,106.16 1 0
github.com/tikv/migration/br/pkg/lightning/checkpoints/glue_checkpoint.go:110.2,111.77 2 0
github.com/tikv/migration/br/pkg/lightning/checkpoints/glue_checkpoint.go:115.2,115.16 1 0
github.com/tikv/migration/br/pkg/lightning/checkpoints/glue_checkpoint.go:119.2,122.8 1 0
github.com/tikv/migration/br/pkg/lightning/checkpoints/glue_checkpoint.go:75.74,78.3 2 0
github.com/tikv/migration/br/pkg/lightning/checkpoints/glue_checkpoint.go:79.16,81.3 1 0
github.com/tikv/migration/br/pkg/lightning/checkpoints/glue_checkpoint.go:84.75,87.3 2 0
github.com/tikv/migration/br/pkg/lightning/checkpoints/glue_checkpoint.go:88.16,90.3 1 0
github.com/tikv/migration/br/pkg/lightning/checkpoints/glue_checkpoint.go:93.76,96.3 2 0
github.com/tikv/migration/br/pkg/lightning/checkpoints/glue_checkpoint.go:97.16,99.3 1 0
github.com/tikv/migration/br/pkg/lightning/checkpoints/glue_checkpoint.go:102.77,105.3 2 0
github.com/tikv/migration/br/pkg/lightning/checkpoints/glue_checkpoint.go:106.16,108.3 1 0
[...]
github.com/tikv/migration/br/pkg/lightning/common/security.go:134.51,135.21 1 0
github.com/tikv/migration/br/pkg/lightning/common/security.go:138.2,138.28 1 0
github.com/tikv/migration/br/pkg/lightning/common/security.go:135.21,137.3 1 0
github.com/tikv/migration/br/pkg/lightning/common/security.go:142.58,143.21 1 0
github.com/tikv/migration/br/pkg/lightning/common/security.go:146.2,146.37 1 0
github.com/tikv/migration/br/pkg/lightning/common/security.go:143.21,145.3 1 0
github.com/tikv/migration/br/pkg/lightning/common/security.go:149.79,151.2 1 1
github.com/tikv/migration/br/pkg/lightning/common/security.go:153.55,159.2 1 0
github.com/tikv/migration/br/pkg/lightning/common/security.go:161.55,168.2 1 0
github.com/tikv/migration/br/pkg/lightning/common/security.go:170.40,172.2 1 0
github.com/tikv/migration/br/pkg/utils/binding__failpoint_binding__.go:9.13,11.2 1 1
github.com/tikv/migration/br/pkg/utils/binding__failpoint_binding__.go:12.35,14.2 1 0
github.com/tikv/migration/br/pkg/utils/env.go:12.24,15.21 2 0
github.com/tikv/migration/br/pkg/utils/env.go:15.21,17.3 1 0
github.com/tikv/migration/br/pkg/utils/env.go:20.32,23.30 3 1
github.com/tikv/migration/br/pkg/utils/env.go:26.2,26.31 1 1
github.com/tikv/migration/br/pkg/utils/env.go:29.2,29.28 1 1
github.com/tikv/migration/br/pkg/utils/env.go:32.2,32.15 1 1
github.com/tikv/migration/br/pkg/utils/env.go:23.30,25.3 1 1
github.com/tikv/migration/br/pkg/utils/env.go:26.31,28.3 1 1
github.com/tikv/migration/br/pkg/utils/env.go:29.28,31.3 1 1
github.com/tikv/migration/br/pkg/utils/progress.go:38.20,44.2 1 1
github.com/tikv/migration/br/pkg/utils/progress.go:47.34,49.2 1 1
github.com/tikv/migration/br/pkg/utils/progress.go:52.36,56.23 3 1
github.com/tikv/migration/br/pkg/utils/progress.go:56.23,57.10 1 1
github.com/tikv/migration/br/pkg/utils/progress.go:61.3,61.14 1 1
github.com/tikv/migration/br/pkg/utils/progress.go:58.33,58.33 0 1
github.com/tikv/migration/br/pkg/utils/progress.go:59.11,59.11 0 0
github.com/tikv/migration/br/pkg/utils/progress.go:62.8,64.3 1 0
github.com/tikv/migration/br/pkg/utils/progress.go:72.3,74.41 2 1
github.com/tikv/migration/br/pkg/utils/progress.go:92.2,92.23 1 1
github.com/tikv/migration/br/pkg/utils/progress.go:96.2,104.12 8 1
github.com/tikv/migration/br/pkg/utils/progress.go:74.41,83.25 8 1
github.com/tikv/migration/br/pkg/utils/progress.go:86.3,86.65 1 1
github.com/tikv/migration/br/pkg/utils/progress.go:83.25,85.4 1 1
github.com/tikv/migration/br/pkg/utils/progress.go:87.8,91.3 3 0
github.com/tikv/migration/br/pkg/utils/progress.go:92.23,95.3 2 1
github.com/tikv/migration/br/pkg/utils/progress.go:104.12,110.7 5 1
github.com/tikv/migration/br/pkg/utils/progress.go:110.7,111.11 1 1
github.com/tikv/migration/br/pkg/utils/progress.go:124.4,125.35 2 1
github.com/tikv/migration/br/pkg/utils/progress.go:112.22,115.11 1 1
github.com/tikv/migration/br/pkg/utils/progress.go:116.19,120.11 2 1
github.com/tikv/migration/br/pkg/utils/progress.go:121.15,121.15 0 1
github.com/tikv/migration/br/pkg/utils/progress.go:125.35,127.5 1 1
github.com/tikv/migration/br/pkg/utils/progress.go:127.10,129.5 1 1
github.com/tikv/migration/br/pkg/utils/progress.go:139.55,147.49 2 0
github.com/tikv/migration/br/pkg/utils/progress.go:150.2,157.20 2 0
github.com/tikv/migration/br/pkg/utils/progress.go:147.49,149.3 1 0
github.com/tikv/migration/br/pkg/utils/progress.go:167.20,171.2 3 0
github.com/tikv/migration/br/pkg/utils/worker.go:28.57,30.35 2 0
github.com/tikv/migration/br/pkg/utils/worker.go:33.2,37.3 1 0
github.com/tikv/migration/br/pkg/utils/worker.go:30.35,32.3 1 0
github.com/tikv/migration/br/pkg/utils/worker.go:41.41,43.2 1 0
github.com/tikv/migration/br/pkg/utils/worker.go:46.37,48.2 1 0
github.com/tikv/migration/br/pkg/utils/worker.go:51.44,53.12 2 0
github.com/tikv/migration/br/pkg/utils/worker.go:53.12,56.3 2 0
github.com/tikv/migration/br/pkg/utils/worker.go:60.60,62.12 2 0
github.com/tikv/migration/br/pkg/utils/worker.go:62.12,65.3 2 0
github.com/tikv/migration/br/pkg/utils/worker.go:69.80,71.21 2 0
github.com/tikv/migration/br/pkg/utils/worker.go:71.21,74.3 2 0
github.com/tikv/migration/br/pkg/utils/worker.go:78.95,80.21 2 0
github.com/tikv/migration/br/pkg/utils/worker.go:80.21,83.3 2 0
github.com/tikv/migration/br/pkg/utils/worker.go:87.47,89.9 2 0
github.com/tikv/migration/br/pkg/utils/worker.go:95.2,95.15 1 0
github.com/tikv/migration/br/pkg/utils/worker.go:90.31,90.31 0 0
github.com/tikv/migration/br/pkg/utils/worker.go:91.10,93.26 2 0
github.com/tikv/migration/br/pkg/utils/worker.go:99.55,100.19 1 0
github.com/tikv/migration/br/pkg/utils/worker.go:103.2,103.24 1 0
github.com/tikv/migration/br/pkg/utils/worker.go:100.19,101.34 1 0
github.com/tikv/migration/br/pkg/utils/worker.go:107.42,109.2 1 0
github.com/tikv/migration/br/pkg/utils/backoff.go:40.81,46.2 1 1
github.com/tikv/migration/br/pkg/utils/backoff.go:48.40,50.2 1 1
github.com/tikv/migration/br/pkg/utils/backoff.go:52.42,54.2 1 1
github.com/tikv/migration/br/pkg/utils/backoff.go:56.67,57.49 1 1
github.com/tikv/migration/br/pkg/utils/backoff.go:83.2,83.36 1 1
github.com/tikv/migration/br/pkg/utils/backoff.go:86.2,86.21 1 1
github.com/tikv/migration/br/pkg/utils/backoff.go:57.49,60.3 2 0
github.com/tikv/migration/br/pkg/utils/backoff.go:60.8,62.12 2 1
github.com/tikv/migration/br/pkg/utils/backoff.go:63.91,65.16 2 1
github.com/tikv/migration/br/pkg/utils/backoff.go:66.68,69.18 2 1
github.com/tikv/migration/br/pkg/utils/backoff.go:70.11,71.26 1 1
github.com/tikv/migration/br/pkg/utils/backoff.go:72.42,74.17 2 1
github.com/tikv/migration/br/pkg/utils/backoff.go:75.12,79.64 3 1
github.com/tikv/migration/br/pkg/utils/backoff.go:83.36,85.3 1 1
github.com/tikv/migration/br/pkg/utils/backoff.go:89.44,91.2 1 1
github.com/tikv/migration/br/pkg/utils/backoff.go:99.36,105.2 1 1
github.com/tikv/migration/br/pkg/utils/backoff.go:107.64,111.11 2 1
github.com/tikv/migration/br/pkg/utils/backoff.go:129.2,129.36 1 1
github.com/tikv/migration/br/pkg/utils/backoff.go:132.2,132.21 1 1
github.com/tikv/migration/br/pkg/utils/backoff.go:112.78,115.17 2 0
github.com/tikv/migration/br/pkg/utils/backoff.go:116.10,117.25 1 1
github.com/tikv/migration/br/pkg/utils/backoff.go:118.200,120.16 2 1
github.com/tikv/migration/br/pkg/utils/backoff.go:121.11,125.63 3 0
github.com/tikv/migration/br/pkg/utils/backoff.go:129.36,131.3 1 1
github.com/tikv/migration/br/pkg/utils/backoff.go:135.41,137.2 1 1
github.com/tikv/migration/br/pkg/utils/json.go:13.67,15.16 2 1
github.com/tikv/migration/br/pkg/utils/json.go:18.2,18.29 1 1
github.com/tikv/migration/br/pkg/utils/json.go:15.16,17.3 1 0
github.com/tikv/migration/br/pkg/utils/json.go:23.69,25.52 2 1
github.com/tikv/migration/br/pkg/utils/json.go:28.2,28.34 1 1
github.com/tikv/migration/br/pkg/utils/json.go:25.52,27.3 1 0
github.com/tikv/migration/br/pkg/utils/json.go:40.50,47.2 1 1
github.com/tikv/migration/br/pkg/utils/json.go:49.60,53.16 4 1
github.com/tikv/migration/br/pkg/utils/json.go:56.2,57.16 2 1
github.com/tikv/migration/br/pkg/utils/json.go:60.2,61.16 2 1
github.com/tikv/migration/br/pkg/utils/json.go:64.2,64.15 1 1
github.com/tikv/migration/br/pkg/utils/json.go:53.16,55.3 1 0
github.com/tikv/migration/br/pkg/utils/json.go:57.16,59.3 1 0
github.com/tikv/migration/br/pkg/utils/json.go:61.16,63.3 1 0
github.com/tikv/migration/br/pkg/utils/json.go:73.61,79.2 1 1
github.com/tikv/migration/br/pkg/utils/json.go:81.70,85.16 4 1
github.com/tikv/migration/br/pkg/utils/json.go:88.2,89.16 2 1
github.com/tikv/migration/br/pkg/utils/json.go:92.2,92.15 1 1
github.com/tikv/migration/br/pkg/utils/json.go:85.16,87.3 1 0
github.com/tikv/migration/br/pkg/utils/json.go:89.16,91.3 1 0
github.com/tikv/migration/br/pkg/utils/json.go:101.67,103.62 2 1
github.com/tikv/migration/br/pkg/utils/json.go:106.2,106.68 1 1
github.com/tikv/migration/br/pkg/utils/json.go:109.2,109.20 1 1
github.com/tikv/migration/br/pkg/utils/json.go:103.62,105.3 1 0
github.com/tikv/migration/br/pkg/utils/json.go:106.68,108.3 1 0
github.com/tikv/migration/br/pkg/utils/json.go:112.68,116.16 4 1
github.com/tikv/migration/br/pkg/utils/json.go:119.2,120.16 2 1
github.com/tikv/migration/br/pkg/utils/json.go:123.2,123.20 1 1
github.com/tikv/migration/br/pkg/utils/json.go:116.16,118.3 1 0
github.com/tikv/migration/br/pkg/utils/json.go:120.16,122.3 1 0
github.com/tikv/migration/br/pkg/utils/json.go:135.77,139.34 2 1
github.com/tikv/migration/br/pkg/utils/json.go:142.2,142.42 1 1
github.com/tikv/migration/br/pkg/utils/json.go:145.2,145.38 1 1
github.com/tikv/migration/br/pkg/utils/json.go:152.2,152.64 1 1
github.com/tikv/migration/br/pkg/utils/json.go:155.2,155.20 1 1
github.com/tikv/migration/br/pkg/utils/json.go:139.34,141.3 1 1
github.com/tikv/migration/br/pkg/utils/json.go:142.42,144.3 1 1
github.com/tikv/migration/br/pkg/utils/json.go:145.38,147.17 2 1
github.com/tikv/migration/br/pkg/utils/json.go:150.3,150.45 1 1
github.com/tikv/migration/br/pkg/utils/json.go:147.17,149.4 1 0
github.com/tikv/migration/br/pkg/utils/json.go:152.64,154.3 1 0
github.com/tikv/migration/br/pkg/utils/json.go:158.78,160.39 2 1
github.com/tikv/migration/br/pkg/utils/json.go:167.2,167.35 1 1
github.com/tikv/migration/br/pkg/utils/json.go:174.2,174.43 1 1
github.com/tikv/migration/br/pkg/utils/json.go:181.2,183.16 3 1
github.com/tikv/migration/br/pkg/utils/json.go:186.2,186.18 1 1
github.com/tikv/migration/br/pkg/utils/json.go:160.39,162.17 2 1
github.com/tikv/migration/br/pkg/utils/json.go:165.3,165.41 1 1
github.com/tikv/migration/br/pkg/utils/json.go:162.17,164.4 1 0
github.com/tikv/migration/br/pkg/utils/json.go:167.35,169.17 2 1
github.com/tikv/migration/br/pkg/utils/json.go:172.3,172.37 1 1
github.com/tikv/migration/br/pkg/utils/json.go:169.17,171.4 1 0
github.com/tikv/migration/br/pkg/utils/json.go:174.43,176.17 2 1
github.com/tikv/migration/br/pkg/utils/json.go:179.3,179.47 1 1
github.com/tikv/migration/br/pkg/utils/json.go:176.17,178.4 1 0
github.com/tikv/migration/br/pkg/utils/json.go:183.16,185.3 1 0
github.com/tikv/migration/br/pkg/utils/key.go:17.51,18.16 1 1
github.com/tikv/migration/br/pkg/utils/key.go:30.2,30.75 1 1
github.com/tikv/migration/br/pkg/utils/key.go:19.13,20.26 1 1
github.com/tikv/migration/br/pkg/utils/key.go:21.17,22.27 1 1
github.com/tikv/migration/br/pkg/utils/key.go:23.13,25.17 2 1
github.com/tikv/migration/br/pkg/utils/key.go:28.3,28.18 1 1
github.com/tikv/migration/br/pkg/utils/key.go:25.17,27.4 1 0
github.com/tikv/migration/br/pkg/utils/key.go:34.48,37.6 3 1
github.com/tikv/migration/br/pkg/utils/key.go:72.2,72.17 1 1
github.com/tikv/migration/br/pkg/utils/key.go:37.6,39.17 2 1
github.com/tikv/migration/br/pkg/utils/key.go:45.3,45.16 1 1
github.com/tikv/migration/br/pkg/utils/key.go:49.3,50.18 2 1
github.com/tikv/migration/br/pkg/utils/key.go:54.3,54.62 1 1
github.com/tikv/migration/br/pkg/utils/key.go:59.3,59.15 1 1
github.com/tikv/migration/br/pkg/utils/key.go:39.17,40.35 1 1
github.com/tikv/migration/br/pkg/utils/key.go:43.4,43.9 1 1
github.com/tikv/migration/br/pkg/utils/key.go:40.35,42.5 1 0
github.com/tikv/migration/br/pkg/utils/key.go:45.16,47.12 2 0
github.com/tikv/migration/br/pkg/utils/key.go:50.18,52.4 1 0
github.com/tikv/migration/br/pkg/utils/key.go:54.62,56.12 2 1
github.com/tikv/migration/br/pkg/utils/key.go:60.12,62.24 2 1
github.com/tikv/migration/br/pkg/utils/key.go:63.11,66.18 3 0
github.com/tikv/migration/br/pkg/utils/key.go:69.4,69.24 1 0
github.com/tikv/migration/br/pkg/utils/key.go:66.18,68.5 1 0
github.com/tikv/migration/br/pkg/utils/key.go:78.37,79.17 1 1
github.com/tikv/migration/br/pkg/utils/key.go:86.2,86.17 1 1
github.com/tikv/migration/br/pkg/utils/key.go:90.2,90.28 1 1
github.com/tikv/migration/br/pkg/utils/key.go:79.17,80.18 1 1
github.com/tikv/migration/br/pkg/utils/key.go:83.3,83.11 1 1
github.com/tikv/migration/br/pkg/utils/key.go:80.18,82.4 1 1
github.com/tikv/migration/br/pkg/utils/key.go:86.17,88.3 1 1
github.com/tikv/migration/br/pkg/utils/permission.go:11.53,14.2 2 0
github.com/tikv/migration/br/pkg/utils/permission.go:17.61,20.2 2 0
github.com/tikv/migration/br/pkg/utils/dyn_pprof_unix.go:21.52,24.12 3 0
github.com/tikv/migration/br/pkg/utils/dyn_pprof_unix.go:24.12,25.31 1 0
github.com/tikv/migration/br/pkg/utils/dyn_pprof_unix.go:25.31,26.31 1 0
github.com/tikv/migration/br/pkg/utils/dyn_pprof_unix.go:26.31,28.64 2 0
github.com/tikv/migration/br/pkg/utils/dyn_pprof_unix.go:28.64,31.6 2 0
github.com/tikv/migration/br/pkg/utils/retry.go:55.9,57.30 2 1
github.com/tikv/migration/br/pkg/utils/retry.go:70.2,70.18 1 1
github.com/tikv/migration/br/pkg/utils/retry.go:57.30,59.17 2 1
github.com/tikv/migration/br/pkg/utils/retry.go:59.17,61.11 2 1
github.com/tikv/migration/br/pkg/utils/retry.go:62.22,63.21 1 0
github.com/tikv/migration/br/pkg/utils/retry.go:64.50,64.50 0 1
github.com/tikv/migration/br/pkg/utils/retry.go:66.9,68.4 1 1
github.com/tikv/migration/br/pkg/utils/retry.go:74.54,77.46 2 1
github.com/tikv/migration/br/pkg/utils/retry.go:82.2,82.14 1 1
github.com/tikv/migration/br/pkg/utils/retry.go:77.46,78.41 1 1
github.com/tikv/migration/br/pkg/utils/retry.go:78.41,80.4 1 0
github.com/tikv/migration/br/pkg/utils/retry.go:97.39,98.49 1 1
github.com/tikv/migration/br/pkg/utils/retry.go:103.2,103.13 1 1
github.com/tikv/migration/br/pkg/utils/retry.go:98.49,99.43 1 1
github.com/tikv/migration/br/pkg/utils/retry.go:99.43,101.4 1 1
github.com/tikv/migration/br/pkg/utils/retry.go:106.45,109.13 2 1
github.com/tikv/migration/br/pkg/utils/retry.go:114.2,114.28 1 1
github.com/tikv/migration/br/pkg/utils/retry.go:110.78,111.15 1 1
github.com/tikv/migration/br/pkg/utils/retry.go:115.17,116.24 1 1
github.com/tikv/migration/br/pkg/utils/retry.go:117.25,118.22 1 1
github.com/tikv/migration/br/pkg/utils/retry.go:127.10,128.27 1 1
github.com/tikv/migration/br/pkg/utils/retry.go:122.114,123.15 1 1
github.com/tikv/migration/br/pkg/utils/retry.go:124.11,125.16 1 1
github.com/tikv/migration/br/pkg/utils/retry.go:129.185,130.15 1 1
github.com/tikv/migration/br/pkg/utils/retry.go:131.22,132.43 1 1
github.com/tikv/migration/br/pkg/utils/retry.go:135.4,135.15 1 1
github.com/tikv/migration/br/pkg/utils/retry.go:136.11,137.16 1 1
github.com/tikv/migration/br/pkg/utils/retry.go:132.43,134.5 1 1
github.com/tikv/migration/br/pkg/utils/schema.go:21.48,25.2 3 0
github.com/tikv/migration/br/pkg/utils/schema.go:34.59,35.34 1 1
github.com/tikv/migration/br/pkg/utils/schema.go:40.2,40.12 1 0
github.com/tikv/migration/br/pkg/utils/schema.go:35.34,36.39 1 1
github.com/tikv/migration/br/pkg/utils/schema.go:36.39,38.4 1 1
github.com/tikv/migration/br/pkg/utils/schema.go:44.103,47.12 3 1
github.com/tikv/migration/br/pkg/utils/schema.go:54.2,55.6 2 1
github.com/tikv/migration/br/pkg/utils/schema.go:47.12,48.58 1 1
github.com/tikv/migration/br/pkg/utils/schema.go:51.3,51.12 1 1
github.com/tikv/migration/br/pkg/utils/schema.go:48.58,50.4 1 0
github.com/tikv/migration/br/pkg/utils/schema.go:55.6,56.10 1 1
github.com/tikv/migration/br/pkg/utils/schema.go:57.21,58.25 1 0
github.com/tikv/migration/br/pkg/utils/schema.go:59.23,60.33 1 0
github.com/tikv/migration/br/pkg/utils/schema.go:61.26,62.11 1 1
github.com/tikv/migration/br/pkg/utils/schema.go:66.4,68.11 3 1
github.com/tikv/migration/br/pkg/utils/schema.go:75.4,75.40 1 1
github.com/tikv/migration/br/pkg/utils/schema.go:62.11,65.5 2 1
github.com/tikv/migration/br/pkg/utils/schema.go:68.11,74.5 2 1
github.com/tikv/migration/br/pkg/utils/schema.go:81.52,83.34 2 0
github.com/tikv/migration/br/pkg/utils/schema.go:86.2,86.14 1 0
github.com/tikv/migration/br/pkg/utils/schema.go:83.34,85.3 1 0
github.com/tikv/migration/br/pkg/utils/schema.go:90.38,92.2 1 0
github.com/tikv/migration/br/pkg/utils/schema.go:95.55,97.2 1 0
github.com/tikv/migration/br/pkg/utils/schema.go:101.39,103.2 1 0
github.com/tikv/migration/br/pkg/utils/schema.go:106.45,108.2 1 0
github.com/tikv/migration/br/pkg/utils/schema.go:111.54,112.67 1 0
github.com/tikv/migration/br/pkg/utils/schema.go:115.2,115.52 1 0
github.com/tikv/migration/br/pkg/utils/schema.go:112.67,114.3 1 0
github.com/tikv/migration/br/pkg/utils/math.go:11.35,13.23 2 1
github.com/tikv/migration/br/pkg/utils/math.go:18.2,18.12 1 1
github.com/tikv/migration/br/pkg/utils/math.go:13.23,14.14 1 1
github.com/tikv/migration/br/pkg/utils/math.go:14.14,16.4 1 1
github.com/tikv/migration/br/pkg/utils/math.go:22.35,24.23 2 1
github.com/tikv/migration/br/pkg/utils/math.go:29.2,29.12 1 1
github.com/tikv/migration/br/pkg/utils/math.go:24.23,25.14 1 1
github.com/tikv/migration/br/pkg/utils/math.go:25.14,27.4 1 1
github.com/tikv/migration/br/pkg/utils/math.go:33.36,34.15 1 1
github.com/tikv/migration/br/pkg/utils/math.go:38.2,38.36 1 1
github.com/tikv/migration/br/pkg/utils/math.go:34.15,36.3 1 0
github.com/tikv/migration/br/pkg/utils/math.go:42.43,44.23 2 0
github.com/tikv/migration/br/pkg/utils/math.go:49.2,49.12 1 0
github.com/tikv/migration/br/pkg/utils/math.go:44.23,45.14 1 0
github.com/tikv/migration/br/pkg/utils/math.go:45.14,47.4 1 0
github.com/tikv/migration/br/pkg/utils/math.go:54.36,55.18 1 1
github.com/tikv/migration/br/pkg/utils/math.go:58.2,59.19 2 1
github.com/tikv/migration/br/pkg/utils/math.go:62.2,62.10 1 1
github.com/tikv/migration/br/pkg/utils/math.go:55.18,57.3 1 1
github.com/tikv/migration/br/pkg/utils/math.go:59.19,61.3 1 1
github.com/tikv/migration/br/pkg/utils/pprof.go:29.54,32.24 3 0
github.com/tikv/migration/br/pkg/utils/pprof.go:36.2,36.81 1 0
github.com/tikv/migration/br/pkg/utils/pprof.go:41.2,42.16 2 0
github.com/tikv/migration/br/pkg/utils/pprof.go:46.2,49.22 4 0
github.com/tikv/migration/br/pkg/utils/pprof.go:32.24,35.3 2 0
github.com/tikv/migration/br/pkg/utils/pprof.go:36.81,40.3 3 0
github.com/tikv/migration/br/pkg/utils/pprof.go:42.16,45.3 2 0
github.com/tikv/migration/br/pkg/utils/pprof.go:53.74,55.16 2 0
github.com/tikv/migration/br/pkg/utils/pprof.go:59.2,59.12 1 0
github.com/tikv/migration/br/pkg/utils/pprof.go:68.2,68.12 1 0
github.com/tikv/migration/br/pkg/utils/pprof.go:55.16,57.3 1 0
github.com/tikv/migration/br/pkg/utils/pprof.go:59.12,60.69 1 0
github.com/tikv/migration/br/pkg/utils/pprof.go:60.69,66.4 5 0
github.com/tikv/migration/br/pkg/utils/safe_point.go:36.84,44.2 7 0
github.com/tikv/migration/br/pkg/utils/safe_point.go:48.78,50.16 2 1
github.com/tikv/migration/br/pkg/utils/safe_point.go:53.2,53.23 1 1
github.com/tikv/migration/br/pkg/utils/safe_point.go:50.16,52.3 1 0
github.com/tikv/migration/br/pkg/utils/safe_point.go:57.31,59.2 1 0
github.com/tikv/migration/br/pkg/utils/safe_point.go:63.81,66.16 2 1
github.com/tikv/migration/br/pkg/utils/safe_point.go:70.2,70.21 1 1
github.com/tikv/migration/br/pkg/utils/safe_point.go:73.2,73.12 1 1
github.com/tikv/migration/br/pkg/utils/safe_point.go:66.16,69.3 2 0
github.com/tikv/migration/br/pkg/utils/safe_point.go:70.21,72.3 1 1
github.com/tikv/migration/br/pkg/utils/safe_point.go:77.99,81.35 3 1
github.com/tikv/migration/br/pkg/utils/safe_point.go:87.2,87.26 1 1
github.com/tikv/migration/br/pkg/utils/safe_point.go:81.35,86.3 1 0
github.com/tikv/migration/br/pkg/utils/safe_point.go:96.9,97.32 1 1
github.com/tikv/migration/br/pkg/utils/safe_point.go:100.2,100.69 1 1
github.com/tikv/migration/br/pkg/utils/safe_point.go:105.2,105.66 1 1
github.com/tikv/migration/br/pkg/utils/safe_point.go:110.2,113.12 4 1
github.com/tikv/migration/br/pkg/utils/safe_point.go:137.2,137.12 1 1
github.com/tikv/migration/br/pkg/utils/safe_point.go:97.32,99.3 1 1
github.com/tikv/migration/br/pkg/utils/safe_point.go:100.69,102.3 1 1
github.com/tikv/migration/br/pkg/utils/safe_point.go:105.66,107.3 1 0
github.com/tikv/migration/br/pkg/utils/safe_point.go:113.12,116.7 3 1
github.com/tikv/migration/br/pkg/utils/safe_point.go:116.7,117.11 1 1
github.com/tikv/migration/br/pkg/utils/safe_point.go:118.22,120.11 2 1
github.com/tikv/migration/br/pkg/utils/safe_point.go:121.24,122.69 1 0
github.com/tikv/migration/br/pkg/utils/safe_point.go:127.23,128.72 1 0
github.com/tikv/migration/br/pkg/utils/safe_point.go:122.69,126.6 1 0
github.com/tikv/migration/br/pkg/utils/safe_point.go:128.72,133.6 1 0
